22.6091 	WARNING 	Font Manager failed to load file /System/Library/PrivateFrameworks/FontServices.framework/Resources/Reserved/PingFangUI.ttc
25.5163 	DEBUG 	Fullscreen settings ignored as running in pilot mode.
25.5177 	INFO 	Loaded monitor calibration from ['2025_03_31 17:28']
25.7648 	EXP 	Created window1 = Window(allowGUI=False, allowStencil=True, autoLog=True, backendConf=UNKNOWN, backgroundFit=<method-wrapper '__getattribute__' of attributeSetter object at 0x164906b60>, backgroundImage=<method-wrapper '__getattribute__' of attributeSetter object at 0x164906bc0>, bitsMode=UNKNOWN, blendMode='avg', bpc=(8, 8, 8), color=array([0, 0, 0]), colorSpace='rgb', depthBits=8, fullscr=False, gamma=None, gammaErrorPolicy='raise', infoMsg=UNKNOWN, lms=UNKNOWN, monitor=<psychopy.monitors.calibTools.Monitor object at 0x1648bd9c0>, multiSample=False, name='window1', numSamples=2, pos=[560.0, 300.0], screen=0, size=array([800, 600]), stencilBits=8, stereo=False, title='PsychoPy', units='height', useFBO=True, useRetina=False, viewOri=0.0, viewPos=None, viewScale=None, waitBlanking=True, winType='pyglet')
25.7648 	EXP 	window1: backgroundImage = ''
25.7649 	EXP 	window1: backgroundFit = 'none'
25.7745 	DEBUG 	TextBox2 loaded 1 chars with 0 blanks and 1 valid
25.7751 	DEBUG 	TextBox2 loaded 1 chars with 0 blanks and 1 valid
25.7757 	DEBUG 	TextBox2 loaded 1 chars with 0 blanks and 1 valid
25.7765 	DEBUG 	TextBox2 loaded 1 chars with 0 blanks and 1 valid
25.7774 	DEBUG 	TextBox2 loaded 1 chars with 0 blanks and 1 valid
25.7778 	DEBUG 	TextBox2 loaded 1 chars with 0 blanks and 1 valid
25.7784 	DEBUG 	TextBox2 loaded 1 chars with 0 blanks and 1 valid
25.7792 	DEBUG 	TextBox2 loaded 1 chars with 0 blanks and 1 valid
25.7794 	DEBUG 	TextBox2 loaded 1 chars with 0 blanks and 1 valid
25.7796 	DEBUG 	TextBox2 loaded 1 chars with 0 blanks and 1 valid
25.7802 	DEBUG 	TextBox2 loaded 1 chars with 0 blanks and 1 valid
25.7808 	DEBUG 	TextBox2 loaded 1 chars with 0 blanks and 1 valid
25.7813 	DEBUG 	TextBox2 loaded 1 chars with 0 blanks and 1 valid
25.7819 	DEBUG 	TextBox2 loaded 1 chars with 0 blanks and 1 valid
25.7824 	DEBUG 	TextBox2 loaded 1 chars with 0 blanks and 1 valid
25.7830 	DEBUG 	TextBox2 loaded 1 chars with 0 blanks and 1 valid
25.7836 	DEBUG 	TextBox2 loaded 1 chars with 0 blanks and 1 valid
25.7839 	DEBUG 	TextBox2 loaded 1 chars with 0 blanks and 1 valid
25.7842 	DEBUG 	TextBox2 loaded 1 chars with 0 blanks and 1 valid
25.7850 	DEBUG 	TextBox2 loaded 1 chars with 0 blanks and 1 valid
25.7853 	DEBUG 	TextBox2 loaded 1 chars with 0 blanks and 1 valid
25.7856 	DEBUG 	Uploading Texture Font fontname to graphics card
25.7896 	DEBUG 	Upload of Texture Font fontname complete
25.7955 	DEBUG 	TextBox2 loaded 1 chars with 0 blanks and 1 valid
25.7964 	DEBUG 	TextBox2 loaded 1 chars with 0 blanks and 1 valid
25.7972 	DEBUG 	TextBox2 loaded 1 chars with 0 blanks and 1 valid
25.7973 	DEBUG 	Uploading Texture Font fontname to graphics card
25.7994 	DEBUG 	Upload of Texture Font fontname complete
25.8011 	EXP 	window1: Attempting to measure frame rate of screen (0) ...
25.8011 	EXP 	window1: recordFrameIntervals = False
26.0435 	EXP 	window1: recordFrameIntervals = True
26.8775 	WARNING 	Couldn't measure a consistent frame rate!
  - Is your graphics card set to sync to vertical blank?
  - Are you running other processes on your computer?

26.8858 	DEBUG 	TextBox2 loaded 1 chars with 0 blanks and 1 valid
26.8864 	DEBUG 	TextBox2 loaded 1 chars with 0 blanks and 1 valid
26.8874 	DEBUG 	TextBox2 loaded 1 chars with 0 blanks and 1 valid
26.8887 	DEBUG 	TextBox2 loaded 1 chars with 0 blanks and 1 valid
26.8899 	DEBUG 	TextBox2 loaded 1 chars with 0 blanks and 1 valid
26.8911 	DEBUG 	TextBox2 loaded 1 chars with 0 blanks and 1 valid
26.8917 	DEBUG 	TextBox2 loaded 1 chars with 0 blanks and 1 valid
26.8927 	DEBUG 	TextBox2 loaded 1 chars with 0 blanks and 1 valid
26.8939 	DEBUG 	TextBox2 loaded 1 chars with 0 blanks and 1 valid
26.8949 	DEBUG 	TextBox2 loaded 1 chars with 0 blanks and 1 valid
26.8953 	DEBUG 	Uploading Texture Font fontname to graphics card
26.8985 	DEBUG 	Upload of Texture Font fontname complete
30.1619 	INFO 	keyboard.Keyboard is using ptb backend.
30.7683 	INFO 	keyboard.Keyboard is using ptb backend.
31.3644 	INFO 	keyboard.Keyboard is using ptb backend.
31.3644 	EXP 	untitled: status = STARTED
31.3792 	DEBUG 	TextBox2 loaded 1 chars with 0 blanks and 1 valid
31.3801 	DEBUG 	TextBox2 loaded 1 chars with 0 blanks and 1 valid
31.3809 	DEBUG 	TextBox2 loaded 1 chars with 0 blanks and 1 valid
31.3817 	DEBUG 	TextBox2 loaded 1 chars with 0 blanks and 1 valid
31.3820 	DEBUG 	TextBox2 loaded 1 chars with 0 blanks and 1 valid
31.3823 	DEBUG 	TextBox2 loaded 1 chars with 0 blanks and 1 valid
31.3831 	DEBUG 	TextBox2 loaded 1 chars with 0 blanks and 1 valid
31.3837 	DEBUG 	TextBox2 loaded 1 chars with 0 blanks and 1 valid
31.3840 	DEBUG 	TextBox2 loaded 1 chars with 0 blanks and 1 valid
31.3842 	DEBUG 	Uploading Texture Font fontname to graphics card
31.3873 	DEBUG 	Upload of Texture Font fontname complete
31.4105 	EXP 	Created rest_fixation = TextStim(__class__=<class 'psychopy.visual.text.TextStim'>, alignHoriz=method-wrapper(...), alignText='center', alignVert=method-wrapper(...), anchorHoriz='center', anchorVert='center', antialias=True, autoDraw=False, autoLog=True, bold=False, color=array([1., 1., 1.]), colorSpace='rgb', contrast=1.0, depth=0.0, draggable=False, flipHoriz=False, flipVert=False, font='Arial', fontFiles=[], height=0.05, italic=False, languageStyle='LTR', name='rest_fixation', opacity=1, ori=0.0, pos=array([0., 0.]), rgb=UNKNOWN, text='+', units='height', win=Window(...), wrapWidth=1)
31.4367 	EXP 	Created task_verification_message = TextStim(__class__=<class 'psychopy.visual.text.TextStim'>, alignHoriz=method-wrapper(...), alignText='center', alignVert=method-wrapper(...), anchorHoriz='center', anchorVert='center', antialias=True, autoDraw=False, autoLog=True, bold=False, color=array([1., 1., 1.]), colorSpace='rgb', contrast=1.0, depth=0.0, draggable=False, flipHoriz=False, flipVert=False, font='Arial', fontFiles=[], height=0.05, italic=False, languageStyle='LTR', name='task_verification_message', opacity=1, ori=0.0, pos=array([0., 0.]), rgb=UNKNOWN, text=str(...), units='height', win=Window(...), wrapWidth=1)
31.4499 	EXP 	Created text = TextStim(__class__=<class 'psychopy.visual.text.TextStim'>, alignHoriz=method-wrapper(...), alignText='center', alignVert=method-wrapper(...), anchorHoriz='center', anchorVert='center', antialias=True, autoDraw=False, autoLog=True, bold=False, color=array([1., 1., 1.]), colorSpace='rgb', contrast=1.0, depth=0.0, draggable=False, flipHoriz=False, flipVert=False, font='Arial', fontFiles=[], height=0.05, italic=False, languageStyle='LTR', name='text', opacity=1, ori=0.0, pos=array([0., 0.]), rgb=UNKNOWN, text=str(...), units='height', win=Window(...), wrapWidth=1)
31.4511 	EXP 	Created rest_fixation = TextStim(__class__=<class 'psychopy.visual.text.TextStim'>, alignHoriz=method-wrapper(...), alignText='center', alignVert=method-wrapper(...), anchorHoriz='center', anchorVert='center', antialias=True, autoDraw=False, autoLog=True, bold=False, color=array([1., 1., 1.]), colorSpace='rgb', contrast=1.0, depth=0.0, draggable=False, flipHoriz=False, flipVert=False, font='Arial', fontFiles=[], height=0.05, italic=False, languageStyle='LTR', name='rest_fixation', opacity=1, ori=0.0, pos=array([0., 0.]), rgb=UNKNOWN, text='+', units='height', win=Window(...), wrapWidth=1)
31.4686 	EXP 	Created task_verification_message = TextStim(__class__=<class 'psychopy.visual.text.TextStim'>, alignHoriz=method-wrapper(...), alignText='center', alignVert=method-wrapper(...), anchorHoriz='center', anchorVert='center', antialias=True, autoDraw=False, autoLog=True, bold=False, color=array([1., 1., 1.]), colorSpace='rgb', contrast=1.0, depth=0.0, draggable=False, flipHoriz=False, flipVert=False, font='Arial', fontFiles=[], height=0.05, italic=False, languageStyle='LTR', name='task_verification_message', opacity=1, ori=0.0, pos=array([0., 0.]), rgb=UNKNOWN, text=str(...), units='height', win=Window(...), wrapWidth=1)
31.4788 	EXP 	Created text = TextStim(__class__=<class 'psychopy.visual.text.TextStim'>, alignHoriz=method-wrapper(...), alignText='center', alignVert=method-wrapper(...), anchorHoriz='center', anchorVert='center', antialias=True, autoDraw=False, autoLog=True, bold=False, color=array([1., 1., 1.]), colorSpace='rgb', contrast=1.0, depth=0.0, draggable=False, flipHoriz=False, flipVert=False, font='Arial', fontFiles=[], height=0.05, italic=False, languageStyle='LTR', name='text', opacity=1, ori=0.0, pos=array([0., 0.]), rgb=UNKNOWN, text=str(...), units='height', win=Window(...), wrapWidth=1)
31.4799 	EXP 	Created rest_fixation = TextStim(__class__=<class 'psychopy.visual.text.TextStim'>, alignHoriz=method-wrapper(...), alignText='center', alignVert=method-wrapper(...), anchorHoriz='center', anchorVert='center', antialias=True, autoDraw=False, autoLog=True, bold=False, color=array([1., 1., 1.]), colorSpace='rgb', contrast=1.0, depth=0.0, draggable=False, flipHoriz=False, flipVert=False, font='Arial', fontFiles=[], height=0.05, italic=False, languageStyle='LTR', name='rest_fixation', opacity=1, ori=0.0, pos=array([0., 0.]), rgb=UNKNOWN, text='+', units='height', win=Window(...), wrapWidth=1)
31.4972 	EXP 	Created task_verification_message = TextStim(__class__=<class 'psychopy.visual.text.TextStim'>, alignHoriz=method-wrapper(...), alignText='center', alignVert=method-wrapper(...), anchorHoriz='center', anchorVert='center', antialias=True, autoDraw=False, autoLog=True, bold=False, color=array([1., 1., 1.]), colorSpace='rgb', contrast=1.0, depth=0.0, draggable=False, flipHoriz=False, flipVert=False, font='Arial', fontFiles=[], height=0.05, italic=False, languageStyle='LTR', name='task_verification_message', opacity=1, ori=0.0, pos=array([0., 0.]), rgb=UNKNOWN, text=str(...), units='height', win=Window(...), wrapWidth=1)
31.5074 	EXP 	Created text = TextStim(__class__=<class 'psychopy.visual.text.TextStim'>, alignHoriz=method-wrapper(...), alignText='center', alignVert=method-wrapper(...), anchorHoriz='center', anchorVert='center', antialias=True, autoDraw=False, autoLog=True, bold=False, color=array([1., 1., 1.]), colorSpace='rgb', contrast=1.0, depth=0.0, draggable=False, flipHoriz=False, flipVert=False, font='Arial', fontFiles=[], height=0.05, italic=False, languageStyle='LTR', name='text', opacity=1, ori=0.0, pos=array([0., 0.]), rgb=UNKNOWN, text=str(...), units='height', win=Window(...), wrapWidth=1)
31.5099 	EXP 	Created end_message = TextStim(__class__=<class 'psychopy.visual.text.TextStim'>, alignHoriz=method-wrapper(...), alignText='center', alignVert=method-wrapper(...), anchorHoriz='center', anchorVert='center', antialias=True, autoDraw=False, autoLog=True, bold=False, color=array([1., 1., 1.]), colorSpace='rgb', contrast=1.0, depth=0.0, draggable=False, flipHoriz=False, flipVert=False, font='Arial', fontFiles=[], height=0.05, italic=False, languageStyle='LTR', name='end_message', opacity=1, ori=0.0, pos=array([0., 0.]), rgb=UNKNOWN, text='You have completed the task.', units='height', win=Window(...), wrapWidth=1)
0.0029 	EXP 	instructions: autoLog = True
0.0029 	EXP 	textbox_coherence: autoLog = True
0.0029 	EXP 	textbox_task: autoLog = True
0.0029 	EXP 	textbox: autoLog = True
0.0029 	EXP 	reading2_textbox: autoLog = True
0.0029 	EXP 	task2_textbox: autoLog = True
0.0029 	EXP 	control2_textbox: autoLog = True
0.0029 	EXP 	reading3_textbox: autoLog = True
0.0029 	EXP 	task3_textbox: autoLog = True
0.0029 	EXP 	control3_textbox: autoLog = True
0.0125 	DEBUG 	Read excel file with openpyxl: ../instructions.xlsx
0.0128 	EXP 	Imported ../instructions.xlsx as conditions, 1 conditions, 4 params
0.0135 	EXP 	New trial (rep=0, index=0): <Trial 0 (0 in rep 0) data={'coherence_instructions': 'In this task, you’ll see short phrases describing  events from your life.\n \n • When the text has a white border, simply read the text \n \n • When the text box has a <c=#008000>green</c> border, think about how these events fit together and form a coherent life story. \n \n • When the text box has a <c=#FF0000>red</c> border, count the number of vowels. Keep repeating this counting task until the next screen appears. \n \n Press any key when you’re ready!', 'significance_instructions': 'In this task, you will read some of your personal statements. \n \n • When the text box has a white border, simply read the text. \n \n • When the text box has a <c=#008000>green</c> border, think about all the ways you are significant to this person. Bring to mind specific actions or moments where your presence mattered. \n \n • When the text box has a <c=#FF0000>red</c> border, count how many vowels appear. Keep repeating this counting task until the next screen appears. \n \n Press any key when you’re ready!', 'purpose_instructions': "In this task, you will read a short phrases describing some of your life purposes. \n \n • When the text box has a white border, simply read the sentence as it appears. \n \n • When the text box has a <c=#008000>green</c> border, reflect on the life purpose shown and consider how you might work toward it. \n \n • When the text box has a <c=#FF0000>red</c> border, count the number of vowels and continue this counting task until the next screen appears. \n \nPress any button when you're ready.", 'AI_instructions': "In this task, you will read scenarios describing disruptions to your life’s purpose. Try to imagine these as realistically as you can.\n \n •  White border,  read the sentence.  \n \n • c<=#008000>Green</c>  border, read the scenario, and try to reframe a new purpose despite the disruption.  \n \n  • <c=#FF0000>Red</c> border, count the number of vowels and keep doing it until the next screen appears. \n \n Press any key when you're ready. ", 'thisN': 0, 'thisTrialN': 0, 'thisRepN': 0}>
0.0272 	DEBUG 	Saving data for untitled ExperimentHandler
0.0276 	INFO 	saved data to /Users/jacquessinger/Documents/Academics/Research/BCI Projects/MIL_PsychoPy_fMRI/AI_interference/data/107471_untitled_2026-01-20_14h36.44.971.psydat
0.0278 	INFO 	saved data to '/Users/jacquessinger/Documents/Academics/Research/BCI Projects/MIL_PsychoPy_fMRI/AI_interference/data/107471_untitled_2026-01-20_14h36.44.971.csv'
0.0301 	WARNING 	Stopping key buffers but this could be dangerous ifother keyboards rely on the same.
0.0302 	WARNING 	Stopping key buffers but this could be dangerous ifother keyboards rely on the same.
0.0302 	WARNING 	Stopping key buffers but this could be dangerous ifother keyboards rely on the same.
