22.6210 	WARNING 	Font Manager failed to load file /System/Library/PrivateFrameworks/FontServices.framework/Resources/Reserved/PingFangUI.ttc
24.9084 	DEBUG 	Fullscreen settings ignored as running in pilot mode.
24.9096 	INFO 	Loaded monitor calibration from ['2025_03_31 17:28']
25.1591 	EXP 	Created window1 = Window(allowGUI=False, allowStencil=True, autoLog=True, backendConf=UNKNOWN, backgroundFit=<method-wrapper '__getattribute__' of attributeSetter object at 0x1662d2b60>, backgroundImage=<method-wrapper '__getattribute__' of attributeSetter object at 0x1662d2bc0>, bitsMode=UNKNOWN, blendMode='avg', bpc=(8, 8, 8), color=array([0, 0, 0]), colorSpace='rgb', depthBits=8, fullscr=False, gamma=None, gammaErrorPolicy='raise', infoMsg=UNKNOWN, lms=UNKNOWN, monitor=<psychopy.monitors.calibTools.Monitor object at 0x166289a80>, multiSample=False, name='window1', numSamples=2, pos=[560.0, 300.0], screen=0, size=array([800, 600]), stencilBits=8, stereo=False, title='PsychoPy', units='height', useFBO=True, useRetina=False, viewOri=0.0, viewPos=None, viewScale=None, waitBlanking=True, winType='pyglet')
25.1592 	EXP 	window1: backgroundImage = ''
25.1592 	EXP 	window1: backgroundFit = 'none'
25.1679 	DEBUG 	TextBox2 loaded 1 chars with 0 blanks and 1 valid
25.1685 	DEBUG 	TextBox2 loaded 1 chars with 0 blanks and 1 valid
25.1691 	DEBUG 	TextBox2 loaded 1 chars with 0 blanks and 1 valid
25.1699 	DEBUG 	TextBox2 loaded 1 chars with 0 blanks and 1 valid
25.1707 	DEBUG 	TextBox2 loaded 1 chars with 0 blanks and 1 valid
25.1710 	DEBUG 	TextBox2 loaded 1 chars with 0 blanks and 1 valid
25.1716 	DEBUG 	TextBox2 loaded 1 chars with 0 blanks and 1 valid
25.1724 	DEBUG 	TextBox2 loaded 1 chars with 0 blanks and 1 valid
25.1726 	DEBUG 	TextBox2 loaded 1 chars with 0 blanks and 1 valid
25.1728 	DEBUG 	TextBox2 loaded 1 chars with 0 blanks and 1 valid
25.1734 	DEBUG 	TextBox2 loaded 1 chars with 0 blanks and 1 valid
25.1740 	DEBUG 	TextBox2 loaded 1 chars with 0 blanks and 1 valid
25.1745 	DEBUG 	TextBox2 loaded 1 chars with 0 blanks and 1 valid
25.1751 	DEBUG 	TextBox2 loaded 1 chars with 0 blanks and 1 valid
25.1756 	DEBUG 	TextBox2 loaded 1 chars with 0 blanks and 1 valid
25.1761 	DEBUG 	TextBox2 loaded 1 chars with 0 blanks and 1 valid
25.1767 	DEBUG 	TextBox2 loaded 1 chars with 0 blanks and 1 valid
25.1770 	DEBUG 	TextBox2 loaded 1 chars with 0 blanks and 1 valid
25.1774 	DEBUG 	TextBox2 loaded 1 chars with 0 blanks and 1 valid
25.1782 	DEBUG 	TextBox2 loaded 1 chars with 0 blanks and 1 valid
25.1785 	DEBUG 	TextBox2 loaded 1 chars with 0 blanks and 1 valid
25.1787 	DEBUG 	Uploading Texture Font fontname to graphics card
25.1828 	DEBUG 	Upload of Texture Font fontname complete
25.1887 	DEBUG 	TextBox2 loaded 1 chars with 0 blanks and 1 valid
25.1895 	DEBUG 	TextBox2 loaded 1 chars with 0 blanks and 1 valid
25.1903 	DEBUG 	TextBox2 loaded 1 chars with 0 blanks and 1 valid
25.1905 	DEBUG 	Uploading Texture Font fontname to graphics card
25.1925 	DEBUG 	Upload of Texture Font fontname complete
25.1942 	EXP 	window1: Attempting to measure frame rate of screen (0) ...
25.1942 	EXP 	window1: recordFrameIntervals = False
25.4275 	EXP 	window1: recordFrameIntervals = True
26.2750 	WARNING 	Couldn't measure a consistent frame rate!
  - Is your graphics card set to sync to vertical blank?
  - Are you running other processes on your computer?

26.2827 	DEBUG 	TextBox2 loaded 1 chars with 0 blanks and 1 valid
26.2832 	DEBUG 	TextBox2 loaded 1 chars with 0 blanks and 1 valid
26.2842 	DEBUG 	TextBox2 loaded 1 chars with 0 blanks and 1 valid
26.2855 	DEBUG 	TextBox2 loaded 1 chars with 0 blanks and 1 valid
26.2867 	DEBUG 	TextBox2 loaded 1 chars with 0 blanks and 1 valid
26.2878 	DEBUG 	TextBox2 loaded 1 chars with 0 blanks and 1 valid
26.2883 	DEBUG 	TextBox2 loaded 1 chars with 0 blanks and 1 valid
26.2893 	DEBUG 	TextBox2 loaded 1 chars with 0 blanks and 1 valid
26.2903 	DEBUG 	TextBox2 loaded 1 chars with 0 blanks and 1 valid
26.2913 	DEBUG 	TextBox2 loaded 1 chars with 0 blanks and 1 valid
26.2916 	DEBUG 	Uploading Texture Font fontname to graphics card
26.2944 	DEBUG 	Upload of Texture Font fontname complete
29.5451 	INFO 	keyboard.Keyboard is using ptb backend.
30.1392 	INFO 	keyboard.Keyboard is using ptb backend.
30.7377 	INFO 	keyboard.Keyboard is using ptb backend.
30.7378 	EXP 	untitled: status = STARTED
30.7516 	DEBUG 	TextBox2 loaded 1 chars with 0 blanks and 1 valid
30.7525 	DEBUG 	TextBox2 loaded 1 chars with 0 blanks and 1 valid
30.7534 	DEBUG 	TextBox2 loaded 1 chars with 0 blanks and 1 valid
30.7541 	DEBUG 	TextBox2 loaded 1 chars with 0 blanks and 1 valid
30.7544 	DEBUG 	TextBox2 loaded 1 chars with 0 blanks and 1 valid
30.7548 	DEBUG 	TextBox2 loaded 1 chars with 0 blanks and 1 valid
30.7556 	DEBUG 	TextBox2 loaded 1 chars with 0 blanks and 1 valid
30.7562 	DEBUG 	TextBox2 loaded 1 chars with 0 blanks and 1 valid
30.7565 	DEBUG 	TextBox2 loaded 1 chars with 0 blanks and 1 valid
30.7567 	DEBUG 	Uploading Texture Font fontname to graphics card
30.7599 	DEBUG 	Upload of Texture Font fontname complete
30.7827 	EXP 	Created rest_fixation = TextStim(__class__=<class 'psychopy.visual.text.TextStim'>, alignHoriz=method-wrapper(...), alignText='center', alignVert=method-wrapper(...), anchorHoriz='center', anchorVert='center', antialias=True, autoDraw=False, autoLog=True, bold=False, color=array([1., 1., 1.]), colorSpace='rgb', contrast=1.0, depth=0.0, draggable=False, flipHoriz=False, flipVert=False, font='Arial', fontFiles=[], height=0.05, italic=False, languageStyle='LTR', name='rest_fixation', opacity=1, ori=0.0, pos=array([0., 0.]), rgb=UNKNOWN, text='+', units='height', win=Window(...), wrapWidth=1)
30.8087 	EXP 	Created task_verification_message = TextStim(__class__=<class 'psychopy.visual.text.TextStim'>, alignHoriz=method-wrapper(...), alignText='center', alignVert=method-wrapper(...), anchorHoriz='center', anchorVert='center', antialias=True, autoDraw=False, autoLog=True, bold=False, color=array([1., 1., 1.]), colorSpace='rgb', contrast=1.0, depth=0.0, draggable=False, flipHoriz=False, flipVert=False, font='Arial', fontFiles=[], height=0.05, italic=False, languageStyle='LTR', name='task_verification_message', opacity=1, ori=0.0, pos=array([0., 0.]), rgb=UNKNOWN, text=str(...), units='height', win=Window(...), wrapWidth=1)
30.8209 	EXP 	Created text = TextStim(__class__=<class 'psychopy.visual.text.TextStim'>, alignHoriz=method-wrapper(...), alignText='center', alignVert=method-wrapper(...), anchorHoriz='center', anchorVert='center', antialias=True, autoDraw=False, autoLog=True, bold=False, color=array([1., 1., 1.]), colorSpace='rgb', contrast=1.0, depth=0.0, draggable=False, flipHoriz=False, flipVert=False, font='Arial', fontFiles=[], height=0.05, italic=False, languageStyle='LTR', name='text', opacity=1, ori=0.0, pos=array([0., 0.]), rgb=UNKNOWN, text=str(...), units='height', win=Window(...), wrapWidth=1)
30.8220 	EXP 	Created rest_fixation = TextStim(__class__=<class 'psychopy.visual.text.TextStim'>, alignHoriz=method-wrapper(...), alignText='center', alignVert=method-wrapper(...), anchorHoriz='center', anchorVert='center', antialias=True, autoDraw=False, autoLog=True, bold=False, color=array([1., 1., 1.]), colorSpace='rgb', contrast=1.0, depth=0.0, draggable=False, flipHoriz=False, flipVert=False, font='Arial', fontFiles=[], height=0.05, italic=False, languageStyle='LTR', name='rest_fixation', opacity=1, ori=0.0, pos=array([0., 0.]), rgb=UNKNOWN, text='+', units='height', win=Window(...), wrapWidth=1)
30.8400 	EXP 	Created task_verification_message = TextStim(__class__=<class 'psychopy.visual.text.TextStim'>, alignHoriz=method-wrapper(...), alignText='center', alignVert=method-wrapper(...), anchorHoriz='center', anchorVert='center', antialias=True, autoDraw=False, autoLog=True, bold=False, color=array([1., 1., 1.]), colorSpace='rgb', contrast=1.0, depth=0.0, draggable=False, flipHoriz=False, flipVert=False, font='Arial', fontFiles=[], height=0.05, italic=False, languageStyle='LTR', name='task_verification_message', opacity=1, ori=0.0, pos=array([0., 0.]), rgb=UNKNOWN, text=str(...), units='height', win=Window(...), wrapWidth=1)
30.8505 	EXP 	Created text = TextStim(__class__=<class 'psychopy.visual.text.TextStim'>, alignHoriz=method-wrapper(...), alignText='center', alignVert=method-wrapper(...), anchorHoriz='center', anchorVert='center', antialias=True, autoDraw=False, autoLog=True, bold=False, color=array([1., 1., 1.]), colorSpace='rgb', contrast=1.0, depth=0.0, draggable=False, flipHoriz=False, flipVert=False, font='Arial', fontFiles=[], height=0.05, italic=False, languageStyle='LTR', name='text', opacity=1, ori=0.0, pos=array([0., 0.]), rgb=UNKNOWN, text=str(...), units='height', win=Window(...), wrapWidth=1)
30.8517 	EXP 	Created rest_fixation = TextStim(__class__=<class 'psychopy.visual.text.TextStim'>, alignHoriz=method-wrapper(...), alignText='center', alignVert=method-wrapper(...), anchorHoriz='center', anchorVert='center', antialias=True, autoDraw=False, autoLog=True, bold=False, color=array([1., 1., 1.]), colorSpace='rgb', contrast=1.0, depth=0.0, draggable=False, flipHoriz=False, flipVert=False, font='Arial', fontFiles=[], height=0.05, italic=False, languageStyle='LTR', name='rest_fixation', opacity=1, ori=0.0, pos=array([0., 0.]), rgb=UNKNOWN, text='+', units='height', win=Window(...), wrapWidth=1)
30.8695 	EXP 	Created task_verification_message = TextStim(__class__=<class 'psychopy.visual.text.TextStim'>, alignHoriz=method-wrapper(...), alignText='center', alignVert=method-wrapper(...), anchorHoriz='center', anchorVert='center', antialias=True, autoDraw=False, autoLog=True, bold=False, color=array([1., 1., 1.]), colorSpace='rgb', contrast=1.0, depth=0.0, draggable=False, flipHoriz=False, flipVert=False, font='Arial', fontFiles=[], height=0.05, italic=False, languageStyle='LTR', name='task_verification_message', opacity=1, ori=0.0, pos=array([0., 0.]), rgb=UNKNOWN, text=str(...), units='height', win=Window(...), wrapWidth=1)
30.8800 	EXP 	Created text = TextStim(__class__=<class 'psychopy.visual.text.TextStim'>, alignHoriz=method-wrapper(...), alignText='center', alignVert=method-wrapper(...), anchorHoriz='center', anchorVert='center', antialias=True, autoDraw=False, autoLog=True, bold=False, color=array([1., 1., 1.]), colorSpace='rgb', contrast=1.0, depth=0.0, draggable=False, flipHoriz=False, flipVert=False, font='Arial', fontFiles=[], height=0.05, italic=False, languageStyle='LTR', name='text', opacity=1, ori=0.0, pos=array([0., 0.]), rgb=UNKNOWN, text=str(...), units='height', win=Window(...), wrapWidth=1)
30.8825 	EXP 	Created end_message = TextStim(__class__=<class 'psychopy.visual.text.TextStim'>, alignHoriz=method-wrapper(...), alignText='center', alignVert=method-wrapper(...), anchorHoriz='center', anchorVert='center', antialias=True, autoDraw=False, autoLog=True, bold=False, color=array([1., 1., 1.]), colorSpace='rgb', contrast=1.0, depth=0.0, draggable=False, flipHoriz=False, flipVert=False, font='Arial', fontFiles=[], height=0.05, italic=False, languageStyle='LTR', name='end_message', opacity=1, ori=0.0, pos=array([0., 0.]), rgb=UNKNOWN, text='You have completed the task.', units='height', win=Window(...), wrapWidth=1)
0.0039 	EXP 	instructions: autoLog = True
0.0039 	EXP 	textbox_coherence: autoLog = True
0.0039 	EXP 	textbox_task: autoLog = True
0.0039 	EXP 	textbox: autoLog = True
0.0039 	EXP 	reading2_textbox: autoLog = True
0.0039 	EXP 	task2_textbox: autoLog = True
0.0039 	EXP 	control2_textbox: autoLog = True
0.0039 	EXP 	reading3_textbox: autoLog = True
0.0039 	EXP 	task3_textbox: autoLog = True
0.0039 	EXP 	control3_textbox: autoLog = True
0.0134 	DEBUG 	Read excel file with openpyxl: ../instructions.xlsx
0.0137 	EXP 	Imported ../instructions.xlsx as conditions, 1 conditions, 4 params
0.0144 	EXP 	New trial (rep=0, index=0): <Trial 0 (0 in rep 0) data={'coherence_instructions': 'In this task, you’ll see short phrases describing  events from your life.\n \n • When the text has a white border, simply read the text \n \n • When the text box has a <c=#008000>green</c> border, think about how these events fit together and form a coherent life story. \n \n • When the text box has a <c=#FF0000>red</c> border, count the number of vowels. Keep repeating this counting task until the next screen appears. \n \n Press any key when you’re ready!', 'significance_instructions': 'In this task, you will read some of your personal statements. \n \n • When the text box has a white border, simply read the text. \n \n • When the text box has a <c=#008000>green</c> border, think about all the ways you are significant to this person. Bring to mind specific actions or moments where your presence mattered. \n \n • When the text box has a <c=#FF0000>red</c> border, count how many vowels appear. Keep repeating this counting task until the next screen appears. \n \n Press any key when you’re ready!', 'purpose_instructions': "In this task, you will read a short phrases describing some of your life purposes. \n \n • When the text box has a white border, simply read the sentence as it appears. \n \n • When the text box has a <c=#008000>green</c> border, reflect on the life purpose shown and consider how you might work toward it. \n \n • When the text box has a <c=#FF0000>red</c> border, count the number of vowels and continue this counting task until the next screen appears. \n \nPress any button when you're ready.", 'AI_instructions': "In this task, you will read scenarios describing disruptions to your life’s purpose. Try to imagine these as realistically as you can.\n \n •  White border,  read the sentence.  \n \n • c=#008000>Green</c>  border, read the scenario, and try to reframe a new purpose despite the disruption.  \n \n  • <c=#FF0000>Red</c> border, count the number of vowels and keep doing it until the next screen appears. \n \n Press any key when you're ready. ", 'thisN': 0, 'thisTrialN': 0, 'thisRepN': 0}>
0.0253 	DEBUG 	Saving data for untitled ExperimentHandler
0.0257 	INFO 	saved data to /Users/jacquessinger/Documents/Academics/Research/BCI Projects/MIL_PsychoPy_fMRI/AI_interference/data/644592_untitled_2026-01-20_14h34.39.197.psydat
0.0260 	INFO 	saved data to '/Users/jacquessinger/Documents/Academics/Research/BCI Projects/MIL_PsychoPy_fMRI/AI_interference/data/644592_untitled_2026-01-20_14h34.39.197.csv'
0.0279 	WARNING 	Stopping key buffers but this could be dangerous ifother keyboards rely on the same.
0.0280 	WARNING 	Stopping key buffers but this could be dangerous ifother keyboards rely on the same.
0.0280 	WARNING 	Stopping key buffers but this could be dangerous ifother keyboards rely on the same.
