27.0957 	WARNING 	Font Manager failed to load file /System/Library/PrivateFrameworks/FontServices.framework/Resources/Reserved/PingFangUI.ttc
30.0242 	DEBUG 	Fullscreen settings ignored as running in pilot mode.
30.0254 	INFO 	Loaded monitor calibration from ['2025_03_31 17:28']
30.3770 	EXP 	Created window1 = Window(allowGUI=False, allowStencil=True, autoLog=True, backendConf=UNKNOWN, backgroundFit=<method-wrapper '__getattribute__' of attributeSetter object at 0x1666b7010>, backgroundImage=<method-wrapper '__getattribute__' of attributeSetter object at 0x1666b7070>, bitsMode=UNKNOWN, blendMode='avg', bpc=(8, 8, 8), color=array([0, 0, 0]), colorSpace='rgb', depthBits=8, fullscr=False, gamma=None, gammaErrorPolicy='raise', infoMsg=UNKNOWN, lms=UNKNOWN, monitor=<psychopy.monitors.calibTools.Monitor object at 0x16662b430>, multiSample=False, name='window1', numSamples=2, pos=[320.0, 150.0], screen=0, size=array([1600, 1200]), stencilBits=8, stereo=False, title='PsychoPy', units='height', useFBO=True, useRetina=True, viewOri=0.0, viewPos=None, viewScale=None, waitBlanking=True, winType='pyglet')
30.3770 	EXP 	window1: backgroundImage = ''
30.3770 	EXP 	window1: backgroundFit = 'none'
30.3930 	DEBUG 	TextBox2 loaded 1 chars with 0 blanks and 1 valid
30.3939 	DEBUG 	TextBox2 loaded 1 chars with 0 blanks and 1 valid
30.3946 	DEBUG 	TextBox2 loaded 1 chars with 0 blanks and 1 valid
30.3954 	DEBUG 	TextBox2 loaded 1 chars with 0 blanks and 1 valid
30.3963 	DEBUG 	TextBox2 loaded 1 chars with 0 blanks and 1 valid
30.3968 	DEBUG 	TextBox2 loaded 1 chars with 0 blanks and 1 valid
30.3974 	DEBUG 	TextBox2 loaded 1 chars with 0 blanks and 1 valid
30.3983 	DEBUG 	TextBox2 loaded 1 chars with 0 blanks and 1 valid
30.3987 	DEBUG 	TextBox2 loaded 1 chars with 0 blanks and 1 valid
30.3991 	DEBUG 	TextBox2 loaded 1 chars with 0 blanks and 1 valid
30.3997 	DEBUG 	TextBox2 loaded 1 chars with 0 blanks and 1 valid
30.4003 	DEBUG 	TextBox2 loaded 1 chars with 0 blanks and 1 valid
30.4009 	DEBUG 	TextBox2 loaded 1 chars with 0 blanks and 1 valid
30.4015 	DEBUG 	TextBox2 loaded 1 chars with 0 blanks and 1 valid
30.4019 	DEBUG 	TextBox2 loaded 1 chars with 0 blanks and 1 valid
30.4026 	DEBUG 	TextBox2 loaded 1 chars with 0 blanks and 1 valid
30.4032 	DEBUG 	TextBox2 loaded 1 chars with 0 blanks and 1 valid
30.4035 	DEBUG 	TextBox2 loaded 1 chars with 0 blanks and 1 valid
30.4038 	DEBUG 	TextBox2 loaded 1 chars with 0 blanks and 1 valid
30.4047 	DEBUG 	TextBox2 loaded 1 chars with 0 blanks and 1 valid
30.4050 	DEBUG 	TextBox2 loaded 1 chars with 0 blanks and 1 valid
30.4055 	DEBUG 	Uploading Texture Font fontname to graphics card
30.4106 	DEBUG 	Upload of Texture Font fontname complete
30.4174 	DEBUG 	TextBox2 loaded 1 chars with 0 blanks and 1 valid
30.4184 	DEBUG 	TextBox2 loaded 1 chars with 0 blanks and 1 valid
30.4194 	DEBUG 	TextBox2 loaded 1 chars with 0 blanks and 1 valid
30.4197 	DEBUG 	Uploading Texture Font fontname to graphics card
30.4220 	DEBUG 	Upload of Texture Font fontname complete
30.4238 	EXP 	window1: Attempting to measure frame rate of screen (0) ...
30.4239 	EXP 	window1: recordFrameIntervals = False
30.7779 	EXP 	window1: recordFrameIntervals = True
31.6114 	WARNING 	Couldn't measure a consistent frame rate!
  - Is your graphics card set to sync to vertical blank?
  - Are you running other processes on your computer?

31.6186 	DEBUG 	TextBox2 loaded 1 chars with 0 blanks and 1 valid
31.6190 	DEBUG 	TextBox2 loaded 1 chars with 0 blanks and 1 valid
31.6199 	DEBUG 	TextBox2 loaded 1 chars with 0 blanks and 1 valid
31.6209 	DEBUG 	TextBox2 loaded 1 chars with 0 blanks and 1 valid
31.6219 	DEBUG 	TextBox2 loaded 1 chars with 0 blanks and 1 valid
31.6229 	DEBUG 	TextBox2 loaded 1 chars with 0 blanks and 1 valid
31.6233 	DEBUG 	TextBox2 loaded 1 chars with 0 blanks and 1 valid
31.6241 	DEBUG 	TextBox2 loaded 1 chars with 0 blanks and 1 valid
31.6251 	DEBUG 	TextBox2 loaded 1 chars with 0 blanks and 1 valid
31.6260 	DEBUG 	TextBox2 loaded 1 chars with 0 blanks and 1 valid
31.6264 	DEBUG 	Uploading Texture Font fontname to graphics card
31.6294 	DEBUG 	Upload of Texture Font fontname complete
33.9406 	INFO 	keyboard.Keyboard is using ptb backend.
34.4101 	INFO 	keyboard.Keyboard is using ptb backend.
34.8777 	INFO 	keyboard.Keyboard is using ptb backend.
35.3469 	INFO 	keyboard.Keyboard is using ptb backend.
35.8148 	INFO 	keyboard.Keyboard is using ptb backend.
36.2837 	INFO 	keyboard.Keyboard is using ptb backend.
36.7590 	INFO 	keyboard.Keyboard is using ptb backend.
36.7590 	EXP 	untitled: status = STARTED
36.8049 	EXP 	Created text_2 = TextStim(__class__=<class 'psychopy.visual.text.TextStim'>, alignHoriz=method-wrapper(...), alignText='center', alignVert=method-wrapper(...), anchorHoriz='center', anchorVert='center', antialias=True, autoDraw=False, autoLog=True, bold=False, color=array([1., 1., 1.]), colorSpace='rgb', contrast=1.0, depth=0.0, draggable=False, flipHoriz=False, flipVert=False, font='Arial', fontFiles=[], height=0.05, italic=False, languageStyle='LTR', name='text_2', opacity=1, ori=0.0, pos=array([0., 0.]), rgb=UNKNOWN, text=str(...), units='height', win=Window(...), wrapWidth=1)
36.8166 	DEBUG 	TextBox2 loaded 1 chars with 0 blanks and 1 valid
36.8177 	DEBUG 	TextBox2 loaded 1 chars with 0 blanks and 1 valid
36.8186 	DEBUG 	TextBox2 loaded 1 chars with 0 blanks and 1 valid
36.8194 	DEBUG 	TextBox2 loaded 1 chars with 0 blanks and 1 valid
36.8199 	DEBUG 	TextBox2 loaded 1 chars with 0 blanks and 1 valid
36.8205 	DEBUG 	TextBox2 loaded 1 chars with 0 blanks and 1 valid
36.8213 	DEBUG 	TextBox2 loaded 1 chars with 0 blanks and 1 valid
36.8220 	DEBUG 	TextBox2 loaded 1 chars with 0 blanks and 1 valid
36.8223 	DEBUG 	TextBox2 loaded 1 chars with 0 blanks and 1 valid
36.8226 	DEBUG 	Uploading Texture Font fontname to graphics card
36.8257 	DEBUG 	Upload of Texture Font fontname complete
36.8289 	EXP 	Created rest_fixation = TextStim(__class__=<class 'psychopy.visual.text.TextStim'>, alignHoriz=method-wrapper(...), alignText='center', alignVert=method-wrapper(...), anchorHoriz='center', anchorVert='center', antialias=True, autoDraw=False, autoLog=True, bold=False, color=array([1., 1., 1.]), colorSpace='rgb', contrast=1.0, depth=0.0, draggable=False, flipHoriz=False, flipVert=False, font='Arial', fontFiles=[], height=0.05, italic=False, languageStyle='LTR', name='rest_fixation', opacity=1, ori=0.0, pos=array([0., 0.]), rgb=UNKNOWN, text='+', units='height', win=Window(...), wrapWidth=1)
36.8508 	EXP 	Created task_verification_message = TextStim(__class__=<class 'psychopy.visual.text.TextStim'>, alignHoriz=method-wrapper(...), alignText='center', alignVert=method-wrapper(...), anchorHoriz='center', anchorVert='center', antialias=True, autoDraw=False, autoLog=True, bold=False, color=array([1., 1., 1.]), colorSpace='rgb', contrast=1.0, depth=0.0, draggable=False, flipHoriz=False, flipVert=False, font='Arial', fontFiles=[], height=0.05, italic=False, languageStyle='LTR', name='task_verification_message', opacity=1, ori=0.0, pos=array([0., 0.]), rgb=UNKNOWN, text=str(...), units='height', win=Window(...), wrapWidth=1)
36.8634 	EXP 	Created text = TextStim(__class__=<class 'psychopy.visual.text.TextStim'>, alignHoriz=method-wrapper(...), alignText='center', alignVert=method-wrapper(...), anchorHoriz='center', anchorVert='center', antialias=True, autoDraw=False, autoLog=True, bold=False, color=array([1., 1., 1.]), colorSpace='rgb', contrast=1.0, depth=0.0, draggable=False, flipHoriz=False, flipVert=False, font='Arial', fontFiles=[], height=0.05, italic=False, languageStyle='LTR', name='text', opacity=1, ori=0.0, pos=array([0., 0.]), rgb=UNKNOWN, text=str(...), units='height', win=Window(...), wrapWidth=1)
36.8648 	EXP 	Created rest_fixation = TextStim(__class__=<class 'psychopy.visual.text.TextStim'>, alignHoriz=method-wrapper(...), alignText='center', alignVert=method-wrapper(...), anchorHoriz='center', anchorVert='center', antialias=True, autoDraw=False, autoLog=True, bold=False, color=array([1., 1., 1.]), colorSpace='rgb', contrast=1.0, depth=0.0, draggable=False, flipHoriz=False, flipVert=False, font='Arial', fontFiles=[], height=0.05, italic=False, languageStyle='LTR', name='rest_fixation', opacity=1, ori=0.0, pos=array([0., 0.]), rgb=UNKNOWN, text='+', units='height', win=Window(...), wrapWidth=1)
36.8921 	EXP 	Created text = TextStim(__class__=<class 'psychopy.visual.text.TextStim'>, alignHoriz=method-wrapper(...), alignText='center', alignVert=method-wrapper(...), anchorHoriz='center', anchorVert='center', antialias=True, autoDraw=False, autoLog=True, bold=False, color=array([1., 1., 1.]), colorSpace='rgb', contrast=1.0, depth=0.0, draggable=False, flipHoriz=False, flipVert=False, font='Arial', fontFiles=[], height=0.05, italic=False, languageStyle='LTR', name='text', opacity=1, ori=0.0, pos=array([0., 0.]), rgb=UNKNOWN, text=str(...), units='height', win=Window(...), wrapWidth=1)
36.9028 	EXP 	Created task_verification_message = TextStim(__class__=<class 'psychopy.visual.text.TextStim'>, alignHoriz=method-wrapper(...), alignText='center', alignVert=method-wrapper(...), anchorHoriz='center', anchorVert='center', antialias=True, autoDraw=False, autoLog=True, bold=False, color=array([1., 1., 1.]), colorSpace='rgb', contrast=1.0, depth=0.0, draggable=False, flipHoriz=False, flipVert=False, font='Arial', fontFiles=[], height=0.05, italic=False, languageStyle='LTR', name='task_verification_message', opacity=1, ori=0.0, pos=array([0., 0.]), rgb=UNKNOWN, text=str(...), units='height', win=Window(...), wrapWidth=1)
36.9041 	EXP 	Created rest_fixation = TextStim(__class__=<class 'psychopy.visual.text.TextStim'>, alignHoriz=method-wrapper(...), alignText='center', alignVert=method-wrapper(...), anchorHoriz='center', anchorVert='center', antialias=True, autoDraw=False, autoLog=True, bold=False, color=array([1., 1., 1.]), colorSpace='rgb', contrast=1.0, depth=0.0, draggable=False, flipHoriz=False, flipVert=False, font='Arial', fontFiles=[], height=0.05, italic=False, languageStyle='LTR', name='rest_fixation', opacity=1, ori=0.0, pos=array([0., 0.]), rgb=UNKNOWN, text='+', units='height', win=Window(...), wrapWidth=1)
36.9311 	EXP 	Created task_verification_message = TextStim(__class__=<class 'psychopy.visual.text.TextStim'>, alignHoriz=method-wrapper(...), alignText='center', alignVert=method-wrapper(...), anchorHoriz='center', anchorVert='center', antialias=True, autoDraw=False, autoLog=True, bold=False, color=array([1., 1., 1.]), colorSpace='rgb', contrast=1.0, depth=0.0, draggable=False, flipHoriz=False, flipVert=False, font='Arial', fontFiles=[], height=0.05, italic=False, languageStyle='LTR', name='task_verification_message', opacity=1, ori=0.0, pos=array([0., 0.]), rgb=UNKNOWN, text=str(...), units='height', win=Window(...), wrapWidth=1)
36.9419 	EXP 	Created text = TextStim(__class__=<class 'psychopy.visual.text.TextStim'>, alignHoriz=method-wrapper(...), alignText='center', alignVert=method-wrapper(...), anchorHoriz='center', anchorVert='center', antialias=True, autoDraw=False, autoLog=True, bold=False, color=array([1., 1., 1.]), colorSpace='rgb', contrast=1.0, depth=0.0, draggable=False, flipHoriz=False, flipVert=False, font='Arial', fontFiles=[], height=0.05, italic=False, languageStyle='LTR', name='text', opacity=1, ori=0.0, pos=array([0., 0.]), rgb=UNKNOWN, text=str(...), units='height', win=Window(...), wrapWidth=1)
36.9446 	EXP 	Created end_message = TextStim(__class__=<class 'psychopy.visual.text.TextStim'>, alignHoriz=method-wrapper(...), alignText='center', alignVert=method-wrapper(...), anchorHoriz='center', anchorVert='center', antialias=True, autoDraw=False, autoLog=True, bold=False, color=array([1., 1., 1.]), colorSpace='rgb', contrast=1.0, depth=0.0, draggable=False, flipHoriz=False, flipVert=False, font='Arial', fontFiles=[], height=0.05, italic=False, languageStyle='LTR', name='end_message', opacity=1, ori=0.0, pos=array([0., 0.]), rgb=UNKNOWN, text='You have completed the task.', units='height', win=Window(...), wrapWidth=1)
0.0030 	DATA 	Mouse: Left button down, pos=(400,421)
0.0108 	DATA 	Mouse:  Left button up, pos=(400,421)
0.0152 	EXP 	textbox_2: autoLog = True
0.0152 	EXP 	textbox_coherence: autoLog = True
0.0152 	EXP 	textbox_task: autoLog = True
0.0152 	EXP 	textbox: autoLog = True
0.0152 	EXP 	textbox_3: autoLog = True
0.0152 	EXP 	reading2_textbox: autoLog = True
0.0152 	EXP 	control2_textbox: autoLog = True
0.0152 	EXP 	task2_textbox: autoLog = True
0.0152 	EXP 	textbox_4: autoLog = True
0.0152 	EXP 	reading3_textbox: autoLog = True
0.0152 	EXP 	task3_textbox: autoLog = True
0.0152 	EXP 	control3_textbox: autoLog = True
0.0288 	DEBUG 	Read excel file with openpyxl: ../instructions.xlsx
0.0291 	EXP 	Imported ../instructions.xlsx as conditions, 1 conditions, 4 params
0.0303 	EXP 	New trial (rep=0, index=0): <Trial 0 (0 in rep 0) data={'coherence_instructions': "In this task, you’ll see phrases about events in your life.\n\nWhen the text box has a:\n\n• <c=white>White</c> border: read the sentence.\n\n• <c=#008000>Green</c> border: reflect on how these events fit together to form your life story.\n\n• <c=#FF0000>Red</c> border: count the number of vowels and keep doing so until the next screen appears.\n\nPress any key when you're ready.", 'significance_instructions': 'In this task, you will read some of your personal statements.\n\nWhen the text box has a:\n\n• <c=white>White</c> border: read the sentence.\n\n• <c=#008000>Green</c> border: think about the ways you are significant to this person or entity. Bring to mind specific moments where your presence mattered.\n\n• <c=#FF0000>Red</c> border: count the number of vowels and keep doing so until the next screen appears.\n\nPress any key when you’re ready.', 'purpose_instructions': 'In this task, you will read phrases about your life purposes.\n\nWhen the text box has a:\n\n• <c=white>White</c> border: read the sentence.\n\n• <c=#008000>Green</c> border: reflect on that life purpose and how you can work toward it.\n\n• <c=#FF0000>Red</c> border: count the number of vowels and keep doing so until the next screen appears.\n\nPress any button when you’re ready.', 'AI_instructions': "In this task, you will read scenarios describing disruptions to your life’s purpose.\nTry to imagine these as realistically as you can.\n\n• <c=white>White</c> border: read the sentence.\n\n• <c=#008000>Green</c> border: read the scenario and try to reframe a new purpose despite the disruption.\n\n• <c=#FF0000>Red</c> border: count the number of vowels and keep doing so until the next screen appears.\n\nPress any key when you're ready.", 'thisN': 0, 'thisTrialN': 0, 'thisRepN': 0}>
0.0396 	INFO 	Keyboard events cleared
0.0395 	WARNING 	t of last frame was 24.29ms (=1/41)
0.0395 	EXP 	text_2: autoDraw = True
1.3432 	DEBUG 	Read excel file with openpyxl: ../prompts.xlsx
1.3437 	EXP 	Imported ../prompts.xlsx as conditions, 1 conditions, 15 params
1.3438 	EXP 	New trial (rep=0, index=0): <Trial 0 (0 in rep 0) data={'coherence_text_01': 'Moving to Montreal \n \n Studying Cogntive Science \n \n Graduating ', 'coherence_text_02': 'Moving to Paris \n \n Studying neuroscience \n \n Conducting research', 'coherence_text_03': 'Moving to LA \n \n Studying at the BCI \n \n Writing a review ', 'purpose_text_01': 'Becoming a scientist', 'purpose_text_02': 'Advancing research', 'purpose_text_03': 'Making science accessible', 'significance_text_01': 'I am significant to my parents. \n \n We are  connected. \n \n I play an important role in keeping us close-knit.', 'significance_text_02': 'I am  significant to my sister. \n \n We are  close. \n \n I am the only person with whom she talks. ', 'significance_text_03': 'I am significant to my dad. \n \n We  play together. \n \n We are close. ', 'AI_text_01': 'I want to be a good doctor, but AI now makes most medical decisions.', 'AI_text_02': 'I want to protect the planet, but AI’s resource use is harming the environment.', 'AI_text_03': 'I want to help people, but AI is replacing real human interaction.', 'training_text_coherence': 'Woke up this morning. \n \n Came to USC. \n \n Arrived at the BCI.', 'training_text_significance': 'Mother \n \n Father \n \n Friends', 'training_text_purpose': 'Helping researchers', 'thisN': 0, 'thisTrialN': 0, 'thisRepN': 0}>
1.3458 	DEBUG 	TextBox2 loaded 1 chars with 0 blanks and 1 valid
1.3466 	DEBUG 	TextBox2 loaded 1 chars with 0 blanks and 1 valid
1.3473 	DEBUG 	TextBox2 loaded 1 chars with 0 blanks and 1 valid
1.3477 	DEBUG 	TextBox2 loaded 1 chars with 0 blanks and 1 valid
1.3485 	DEBUG 	TextBox2 loaded 1 chars with 0 blanks and 1 valid
1.3492 	DEBUG 	TextBox2 loaded 1 chars with 0 blanks and 1 valid
1.3501 	DEBUG 	TextBox2 loaded 1 chars with 0 blanks and 1 valid
1.3505 	DEBUG 	TextBox2 loaded 1 chars with 0 blanks and 1 valid
1.3513 	DEBUG 	TextBox2 loaded 1 chars with 0 blanks and 1 valid
1.3519 	DEBUG 	TextBox2 loaded 1 chars with 0 blanks and 1 valid
1.3523 	DEBUG 	TextBox2 loaded 1 chars with 0 blanks and 1 valid
1.3528 	DEBUG 	TextBox2 loaded 1 chars with 0 blanks and 1 valid
1.3538 	DEBUG 	TextBox2 loaded 1 chars with 0 blanks and 1 valid
1.3545 	DEBUG 	TextBox2 loaded 1 chars with 0 blanks and 1 valid
1.3554 	DEBUG 	TextBox2 loaded 1 chars with 0 blanks and 1 valid
1.3568 	DEBUG 	TextBox2 loaded 1 chars with 0 blanks and 1 valid
1.3576 	DEBUG 	TextBox2 loaded 1 chars with 0 blanks and 1 valid
1.3581 	DEBUG 	TextBox2 loaded 1 chars with 0 blanks and 1 valid
1.3586 	DEBUG 	TextBox2 loaded 1 chars with 0 blanks and 1 valid
1.3595 	DEBUG 	TextBox2 loaded 1 chars with 0 blanks and 1 valid
1.3604 	DEBUG 	TextBox2 loaded 1 chars with 0 blanks and 1 valid
1.3615 	DEBUG 	TextBox2 loaded 1 chars with 0 blanks and 1 valid
1.3626 	DEBUG 	TextBox2 loaded 1 chars with 0 blanks and 1 valid
1.3636 	DEBUG 	TextBox2 loaded 1 chars with 0 blanks and 1 valid
1.3647 	DEBUG 	TextBox2 loaded 1 chars with 0 blanks and 1 valid
1.3658 	DEBUG 	TextBox2 loaded 1 chars with 0 blanks and 1 valid
1.3674 	DEBUG 	TextBox2 loaded 1 chars with 0 blanks and 1 valid
1.3680 	DEBUG 	TextBox2 loaded 1 chars with 0 blanks and 1 valid
1.3682 	DEBUG 	Uploading Texture Font fontname to graphics card
1.3710 	DEBUG 	Upload of Texture Font fontname complete
1.4700 	DATA 	Keypress: right
1.4750 	INFO 	Keyboard events cleared
1.4749 	WARNING 	t of last frame was 268.14ms (=1/3)
1.4749 	EXP 	text_2: autoDraw = False
1.4749 	EXP 	textbox_2: autoDraw = True
2.1856 	DATA 	Keypress: right
2.1887 	WARNING 	t of last frame was 22.06ms (=1/45)
2.1887 	EXP 	textbox_2: autoDraw = False
2.1887 	EXP 	rest_fixation: autoDraw = True
7.9610 	WARNING 	t of last frame was 20.23ms (=1/49)
8.0009 	WARNING 	Multiple dropped frames have occurred - I'll stop bothering you about them!
14.1777 	DEBUG 	TextBox2 loaded 1 chars with 0 blanks and 1 valid
14.1790 	DEBUG 	TextBox2 loaded 1 chars with 0 blanks and 1 valid
14.1802 	DEBUG 	TextBox2 loaded 1 chars with 0 blanks and 1 valid
14.1816 	DEBUG 	TextBox2 loaded 1 chars with 0 blanks and 1 valid
14.1829 	DEBUG 	TextBox2 loaded 1 chars with 0 blanks and 1 valid
14.1831 	DEBUG 	Uploading Texture Font fontname to graphics card
14.1860 	DEBUG 	Upload of Texture Font fontname complete
14.1919 	EXP 	rest_fixation: autoDraw = False
14.1919 	EXP 	textbox_coherence: autoDraw = True
14.9466 	DATA 	Keypress: right
18.4458 	DATA 	Mouse: Left button down, pos=(525,485)
19.0053 	DATA 	Mouse:  Left button up, pos=(267,477)
24.1834 	EXP 	textbox_coherence: autoDraw = False
24.1834 	EXP 	textbox_task: autoDraw = True
44.1897 	DEBUG 	Saving data for untitled ExperimentHandler
44.1913 	INFO 	saved data to /Users/jacquessinger/Documents/Academics/Research/BCI Projects/MIL_PsychoPy_fMRI/training/data/669559_untitled_2026-01-27_13h03.39.041.psydat
44.1918 	INFO 	saved data to '/Users/jacquessinger/Documents/Academics/Research/BCI Projects/MIL_PsychoPy_fMRI/training/data/669559_untitled_2026-01-27_13h03.39.041.csv'
44.1977 	WARNING 	Stopping key buffers but this could be dangerous ifother keyboards rely on the same.
44.1978 	WARNING 	Stopping key buffers but this could be dangerous ifother keyboards rely on the same.
44.1978 	WARNING 	Stopping key buffers but this could be dangerous ifother keyboards rely on the same.
44.1978 	WARNING 	Stopping key buffers but this could be dangerous ifother keyboards rely on the same.
44.1979 	WARNING 	Stopping key buffers but this could be dangerous ifother keyboards rely on the same.
44.1979 	WARNING 	Stopping key buffers but this could be dangerous ifother keyboards rely on the same.
44.1979 	WARNING 	Stopping key buffers but this could be dangerous ifother keyboards rely on the same.
