25.4793 	WARNING 	Font Manager failed to load file /System/Library/PrivateFrameworks/FontServices.framework/Resources/Reserved/PingFangUI.ttc
28.0091 	DEBUG 	Fullscreen settings ignored as running in pilot mode.
28.0103 	INFO 	Loaded monitor calibration from ['2025_03_31 17:28']
28.3368 	EXP 	Created window1 = Window(allowGUI=False, allowStencil=True, autoLog=True, backendConf=UNKNOWN, backgroundFit=<method-wrapper '__getattribute__' of attributeSetter object at 0x166c4bc70>, backgroundImage=<method-wrapper '__getattribute__' of attributeSetter object at 0x166c4bc10>, bitsMode=UNKNOWN, blendMode='avg', bpc=(8, 8, 8), color=array([0, 0, 0]), colorSpace='rgb', depthBits=8, fullscr=False, gamma=None, gammaErrorPolicy='raise', infoMsg=UNKNOWN, lms=UNKNOWN, monitor=<psychopy.monitors.calibTools.Monitor object at 0x166ab9780>, multiSample=False, name='window1', numSamples=2, pos=[320.0, 150.0], screen=0, size=array([1600, 1200]), stencilBits=8, stereo=False, title='PsychoPy', units='height', useFBO=True, useRetina=True, viewOri=0.0, viewPos=None, viewScale=None, waitBlanking=True, winType='pyglet')
28.3369 	EXP 	window1: backgroundImage = ''
28.3369 	EXP 	window1: backgroundFit = 'none'
28.3504 	DEBUG 	TextBox2 loaded 1 chars with 0 blanks and 1 valid
28.3513 	DEBUG 	TextBox2 loaded 1 chars with 0 blanks and 1 valid
28.3519 	DEBUG 	TextBox2 loaded 1 chars with 0 blanks and 1 valid
28.3527 	DEBUG 	TextBox2 loaded 1 chars with 0 blanks and 1 valid
28.3535 	DEBUG 	TextBox2 loaded 1 chars with 0 blanks and 1 valid
28.3538 	DEBUG 	TextBox2 loaded 1 chars with 0 blanks and 1 valid
28.3543 	DEBUG 	TextBox2 loaded 1 chars with 0 blanks and 1 valid
28.3551 	DEBUG 	TextBox2 loaded 1 chars with 0 blanks and 1 valid
28.3555 	DEBUG 	TextBox2 loaded 1 chars with 0 blanks and 1 valid
28.3557 	DEBUG 	TextBox2 loaded 1 chars with 0 blanks and 1 valid
28.3564 	DEBUG 	TextBox2 loaded 1 chars with 0 blanks and 1 valid
28.3570 	DEBUG 	TextBox2 loaded 1 chars with 0 blanks and 1 valid
28.3575 	DEBUG 	TextBox2 loaded 1 chars with 0 blanks and 1 valid
28.3581 	DEBUG 	TextBox2 loaded 1 chars with 0 blanks and 1 valid
28.3585 	DEBUG 	TextBox2 loaded 1 chars with 0 blanks and 1 valid
28.3591 	DEBUG 	TextBox2 loaded 1 chars with 0 blanks and 1 valid
28.3597 	DEBUG 	TextBox2 loaded 1 chars with 0 blanks and 1 valid
28.3600 	DEBUG 	TextBox2 loaded 1 chars with 0 blanks and 1 valid
28.3603 	DEBUG 	TextBox2 loaded 1 chars with 0 blanks and 1 valid
28.3611 	DEBUG 	TextBox2 loaded 1 chars with 0 blanks and 1 valid
28.3614 	DEBUG 	TextBox2 loaded 1 chars with 0 blanks and 1 valid
28.3621 	DEBUG 	Uploading Texture Font fontname to graphics card
28.3665 	DEBUG 	Upload of Texture Font fontname complete
28.3728 	DEBUG 	TextBox2 loaded 1 chars with 0 blanks and 1 valid
28.3737 	DEBUG 	TextBox2 loaded 1 chars with 0 blanks and 1 valid
28.3744 	DEBUG 	TextBox2 loaded 1 chars with 0 blanks and 1 valid
28.3746 	DEBUG 	Uploading Texture Font fontname to graphics card
28.3767 	DEBUG 	Upload of Texture Font fontname complete
28.3785 	EXP 	window1: Attempting to measure frame rate of screen (0) ...
28.3785 	EXP 	window1: recordFrameIntervals = False
28.6681 	EXP 	window1: recordFrameIntervals = True
29.3959 	WARNING 	t of last frame was 25.22ms (=1/39)
29.5289 	WARNING 	Couldn't measure a consistent frame rate!
  - Is your graphics card set to sync to vertical blank?
  - Are you running other processes on your computer?

29.5415 	DEBUG 	TextBox2 loaded 1 chars with 0 blanks and 1 valid
29.5423 	DEBUG 	TextBox2 loaded 1 chars with 0 blanks and 1 valid
29.5437 	DEBUG 	TextBox2 loaded 1 chars with 0 blanks and 1 valid
29.5456 	DEBUG 	TextBox2 loaded 1 chars with 0 blanks and 1 valid
29.5473 	DEBUG 	TextBox2 loaded 1 chars with 0 blanks and 1 valid
29.5490 	DEBUG 	TextBox2 loaded 1 chars with 0 blanks and 1 valid
29.5498 	DEBUG 	TextBox2 loaded 1 chars with 0 blanks and 1 valid
29.5513 	DEBUG 	TextBox2 loaded 1 chars with 0 blanks and 1 valid
29.5528 	DEBUG 	TextBox2 loaded 1 chars with 0 blanks and 1 valid
29.5541 	DEBUG 	TextBox2 loaded 1 chars with 0 blanks and 1 valid
29.5546 	DEBUG 	Uploading Texture Font fontname to graphics card
29.5595 	DEBUG 	Upload of Texture Font fontname complete
33.4767 	INFO 	keyboard.Keyboard is using ptb backend.
34.1070 	INFO 	keyboard.Keyboard is using ptb backend.
34.7372 	INFO 	keyboard.Keyboard is using ptb backend.
34.7372 	EXP 	untitled: status = STARTED
34.7519 	DEBUG 	TextBox2 loaded 1 chars with 0 blanks and 1 valid
34.7528 	DEBUG 	TextBox2 loaded 1 chars with 0 blanks and 1 valid
34.7537 	DEBUG 	TextBox2 loaded 1 chars with 0 blanks and 1 valid
34.7544 	DEBUG 	TextBox2 loaded 1 chars with 0 blanks and 1 valid
34.7548 	DEBUG 	TextBox2 loaded 1 chars with 0 blanks and 1 valid
34.7552 	DEBUG 	TextBox2 loaded 1 chars with 0 blanks and 1 valid
34.7560 	DEBUG 	TextBox2 loaded 1 chars with 0 blanks and 1 valid
34.7566 	DEBUG 	TextBox2 loaded 1 chars with 0 blanks and 1 valid
34.7571 	DEBUG 	TextBox2 loaded 1 chars with 0 blanks and 1 valid
34.7573 	DEBUG 	Uploading Texture Font fontname to graphics card
34.7603 	DEBUG 	Upload of Texture Font fontname complete
34.7852 	EXP 	Created rest_fixation = TextStim(__class__=<class 'psychopy.visual.text.TextStim'>, alignHoriz=method-wrapper(...), alignText='center', alignVert=method-wrapper(...), anchorHoriz='center', anchorVert='center', antialias=True, autoDraw=False, autoLog=True, bold=False, color=array([1., 1., 1.]), colorSpace='rgb', contrast=1.0, depth=0.0, draggable=False, flipHoriz=False, flipVert=False, font='Arial', fontFiles=[], height=0.05, italic=False, languageStyle='LTR', name='rest_fixation', opacity=1, ori=0.0, pos=array([0., 0.]), rgb=UNKNOWN, text='+', units='height', win=Window(...), wrapWidth=1)
34.8121 	EXP 	Created task_verification_message = TextStim(__class__=<class 'psychopy.visual.text.TextStim'>, alignHoriz=method-wrapper(...), alignText='center', alignVert=method-wrapper(...), anchorHoriz='center', anchorVert='center', antialias=True, autoDraw=False, autoLog=True, bold=False, color=array([1., 1., 1.]), colorSpace='rgb', contrast=1.0, depth=0.0, draggable=False, flipHoriz=False, flipVert=False, font='Arial', fontFiles=[], height=0.05, italic=False, languageStyle='LTR', name='task_verification_message', opacity=1, ori=0.0, pos=array([0., 0.]), rgb=UNKNOWN, text=str(...), units='height', win=Window(...), wrapWidth=1)
34.8242 	EXP 	Created text = TextStim(__class__=<class 'psychopy.visual.text.TextStim'>, alignHoriz=method-wrapper(...), alignText='center', alignVert=method-wrapper(...), anchorHoriz='center', anchorVert='center', antialias=True, autoDraw=False, autoLog=True, bold=False, color=array([1., 1., 1.]), colorSpace='rgb', contrast=1.0, depth=0.0, draggable=False, flipHoriz=False, flipVert=False, font='Arial', fontFiles=[], height=0.05, italic=False, languageStyle='LTR', name='text', opacity=1, ori=0.0, pos=array([0., 0.]), rgb=UNKNOWN, text=str(...), units='height', win=Window(...), wrapWidth=1)
34.8253 	EXP 	Created rest_fixation = TextStim(__class__=<class 'psychopy.visual.text.TextStim'>, alignHoriz=method-wrapper(...), alignText='center', alignVert=method-wrapper(...), anchorHoriz='center', anchorVert='center', antialias=True, autoDraw=False, autoLog=True, bold=False, color=array([1., 1., 1.]), colorSpace='rgb', contrast=1.0, depth=0.0, draggable=False, flipHoriz=False, flipVert=False, font='Arial', fontFiles=[], height=0.05, italic=False, languageStyle='LTR', name='rest_fixation', opacity=1, ori=0.0, pos=array([0., 0.]), rgb=UNKNOWN, text='+', units='height', win=Window(...), wrapWidth=1)
34.8429 	EXP 	Created text = TextStim(__class__=<class 'psychopy.visual.text.TextStim'>, alignHoriz=method-wrapper(...), alignText='center', alignVert=method-wrapper(...), anchorHoriz='center', anchorVert='center', antialias=True, autoDraw=False, autoLog=True, bold=False, color=array([1., 1., 1.]), colorSpace='rgb', contrast=1.0, depth=0.0, draggable=False, flipHoriz=False, flipVert=False, font='Arial', fontFiles=[], height=0.05, italic=False, languageStyle='LTR', name='text', opacity=1, ori=0.0, pos=array([0., 0.]), rgb=UNKNOWN, text=str(...), units='height', win=Window(...), wrapWidth=1)
34.8529 	EXP 	Created task_verification_message = TextStim(__class__=<class 'psychopy.visual.text.TextStim'>, alignHoriz=method-wrapper(...), alignText='center', alignVert=method-wrapper(...), anchorHoriz='center', anchorVert='center', antialias=True, autoDraw=False, autoLog=True, bold=False, color=array([1., 1., 1.]), colorSpace='rgb', contrast=1.0, depth=0.0, draggable=False, flipHoriz=False, flipVert=False, font='Arial', fontFiles=[], height=0.05, italic=False, languageStyle='LTR', name='task_verification_message', opacity=1, ori=0.0, pos=array([0., 0.]), rgb=UNKNOWN, text=str(...), units='height', win=Window(...), wrapWidth=1)
34.8540 	EXP 	Created rest_fixation = TextStim(__class__=<class 'psychopy.visual.text.TextStim'>, alignHoriz=method-wrapper(...), alignText='center', alignVert=method-wrapper(...), anchorHoriz='center', anchorVert='center', antialias=True, autoDraw=False, autoLog=True, bold=False, color=array([1., 1., 1.]), colorSpace='rgb', contrast=1.0, depth=0.0, draggable=False, flipHoriz=False, flipVert=False, font='Arial', fontFiles=[], height=0.05, italic=False, languageStyle='LTR', name='rest_fixation', opacity=1, ori=0.0, pos=array([0., 0.]), rgb=UNKNOWN, text='+', units='height', win=Window(...), wrapWidth=1)
34.8714 	EXP 	Created task_verification_message = TextStim(__class__=<class 'psychopy.visual.text.TextStim'>, alignHoriz=method-wrapper(...), alignText='center', alignVert=method-wrapper(...), anchorHoriz='center', anchorVert='center', antialias=True, autoDraw=False, autoLog=True, bold=False, color=array([1., 1., 1.]), colorSpace='rgb', contrast=1.0, depth=0.0, draggable=False, flipHoriz=False, flipVert=False, font='Arial', fontFiles=[], height=0.05, italic=False, languageStyle='LTR', name='task_verification_message', opacity=1, ori=0.0, pos=array([0., 0.]), rgb=UNKNOWN, text=str(...), units='height', win=Window(...), wrapWidth=1)
34.8816 	EXP 	Created text = TextStim(__class__=<class 'psychopy.visual.text.TextStim'>, alignHoriz=method-wrapper(...), alignText='center', alignVert=method-wrapper(...), anchorHoriz='center', anchorVert='center', antialias=True, autoDraw=False, autoLog=True, bold=False, color=array([1., 1., 1.]), colorSpace='rgb', contrast=1.0, depth=0.0, draggable=False, flipHoriz=False, flipVert=False, font='Arial', fontFiles=[], height=0.05, italic=False, languageStyle='LTR', name='text', opacity=1, ori=0.0, pos=array([0., 0.]), rgb=UNKNOWN, text=str(...), units='height', win=Window(...), wrapWidth=1)
34.8844 	EXP 	Created end_message = TextStim(__class__=<class 'psychopy.visual.text.TextStim'>, alignHoriz=method-wrapper(...), alignText='center', alignVert=method-wrapper(...), anchorHoriz='center', anchorVert='center', antialias=True, autoDraw=False, autoLog=True, bold=False, color=array([1., 1., 1.]), colorSpace='rgb', contrast=1.0, depth=0.0, draggable=False, flipHoriz=False, flipVert=False, font='Arial', fontFiles=[], height=0.05, italic=False, languageStyle='LTR', name='end_message', opacity=1, ori=0.0, pos=array([0., 0.]), rgb=UNKNOWN, text='You have completed the task.', units='height', win=Window(...), wrapWidth=1)
0.0060 	EXP 	instruct: autoLog = True
0.0060 	EXP 	purp_textbox: autoLog = True
0.0060 	EXP 	textbox_task: autoLog = True
0.0060 	EXP 	textbox: autoLog = True
0.0060 	EXP 	reading2_textbox: autoLog = True
0.0060 	EXP 	control2_textbox: autoLog = True
0.0060 	EXP 	task2_textbox: autoLog = True
0.0060 	EXP 	reading3_textbox: autoLog = True
0.0060 	EXP 	task3_textbox: autoLog = True
0.0060 	EXP 	control3_textbox: autoLog = True
0.0199 	DEBUG 	Read excel file with openpyxl: ../instructions.xlsx
0.0204 	EXP 	Imported ../instructions.xlsx as conditions, 1 conditions, 4 params
0.0223 	EXP 	New trial (rep=0, index=0): <Trial 0 (0 in rep 0) data={'coherence_instructions': 'In this task, you’ll see short phrases describing  events from your life.\n \n • When the text has a white border, simply read the text \n \n • When the text box has a <c=#008000>green</c> border, think about how these events fit together and form a coherent life story. \n \n • When the text box has a <c=#FF0000>red</c> border, count the number of vowels. Keep repeating this counting task until the next screen appears. \n \n Press any key when you’re ready!', 'significance_instructions': 'In this task, you will read some of your personal statements. \n \n • When the text box has a white border, simply read the text. \n \n • When the text box has a <c=#008000>green</c> border, think about all the ways you are significant to this person. Bring to mind specific actions or moments where your presence mattered. \n \n • When the text box has a <c=#FF0000>red</c> border, count how many vowels appear. Keep repeating this counting task until the next screen appears. \n \n Press any key when you’re ready!', 'purpose_instructions': "In this task, you will read a short phrases describing some of your life purposes. \n \n • When the text box has a white border, simply read the sentence as it appears. \n \n • When the text box has a <c=#008000>green</c> border, reflect on the life purpose shown and consider how you might work toward it. \n \n • When the text box has a <c=#FF0000>red</c> border, count the number of vowels and continue this counting task until the next screen appears. \n \nPress any button when you're ready.", 'AI_instructions': 'In this task, you will read scenarios describing how your life purpose is disrupted by AI.\n \n • When the text box has a white border, simply read the scenario as it appears. \n \n • When the text box has a <c=#008000>green</c> border, read the scenario carefully, reflect on how this integration disrupts your purpose, and try to reframe it. \n \n  • When the text box has a <c=#FF0000>red</c> border, count the number vowels, and continue this counting task until the next screen appears.', 'thisN': 0, 'thisTrialN': 0, 'thisRepN': 0}>
0.0240 	DEBUG 	TextBox2 loaded 1 chars with 0 blanks and 1 valid
0.0247 	DEBUG 	TextBox2 loaded 1 chars with 0 blanks and 1 valid
0.0254 	DEBUG 	TextBox2 loaded 1 chars with 0 blanks and 1 valid
0.0259 	DEBUG 	TextBox2 loaded 1 chars with 0 blanks and 1 valid
0.0266 	DEBUG 	TextBox2 loaded 1 chars with 0 blanks and 1 valid
0.0274 	DEBUG 	TextBox2 loaded 1 chars with 0 blanks and 1 valid
0.0283 	DEBUG 	TextBox2 loaded 1 chars with 0 blanks and 1 valid
0.0287 	DEBUG 	TextBox2 loaded 1 chars with 0 blanks and 1 valid
0.0294 	DEBUG 	TextBox2 loaded 1 chars with 0 blanks and 1 valid
0.0301 	DEBUG 	TextBox2 loaded 1 chars with 0 blanks and 1 valid
0.0310 	DEBUG 	TextBox2 loaded 1 chars with 0 blanks and 1 valid
0.0315 	DEBUG 	TextBox2 loaded 1 chars with 0 blanks and 1 valid
0.0324 	DEBUG 	TextBox2 loaded 1 chars with 0 blanks and 1 valid
0.0333 	DEBUG 	TextBox2 loaded 1 chars with 0 blanks and 1 valid
0.0343 	DEBUG 	TextBox2 loaded 1 chars with 0 blanks and 1 valid
0.0353 	DEBUG 	TextBox2 loaded 1 chars with 0 blanks and 1 valid
0.0363 	DEBUG 	TextBox2 loaded 1 chars with 0 blanks and 1 valid
0.0370 	DEBUG 	TextBox2 loaded 1 chars with 0 blanks and 1 valid
0.0376 	DEBUG 	TextBox2 loaded 1 chars with 0 blanks and 1 valid
0.0389 	DEBUG 	TextBox2 loaded 1 chars with 0 blanks and 1 valid
0.0397 	DEBUG 	TextBox2 loaded 1 chars with 0 blanks and 1 valid
0.0420 	DEBUG 	TextBox2 loaded 1 chars with 0 blanks and 1 valid
0.0435 	DEBUG 	TextBox2 loaded 1 chars with 0 blanks and 1 valid
0.0440 	DEBUG 	TextBox2 loaded 1 chars with 0 blanks and 1 valid
0.0444 	DEBUG 	Uploading Texture Font fontname to graphics card
0.0471 	DEBUG 	Upload of Texture Font fontname complete
0.0553 	INFO 	Keyboard events cleared
0.0552 	WARNING 	t of last frame was 49.23ms (=1/20)
0.0552 	EXP 	instruct: autoDraw = True
2.8248 	DATA 	Keypress: right
2.8297 	INFO 	Keyboard events cleared
2.8296 	WARNING 	t of last frame was 230.76ms (=1/4)
2.8296 	EXP 	instruct: autoDraw = False
2.8814 	WARNING 	t of last frame was 20.18ms (=1/49)
4.1557 	DEBUG 	Read excel file with openpyxl: ../prompts.xlsx
4.1564 	EXP 	Imported ../prompts.xlsx as conditions, 1 conditions, 15 params
4.1568 	EXP 	New trial (rep=0, index=0): <Trial 0 (0 in rep 0) data={'coherence_text_01': 'Moving to Montreal \n \n Studying Cogntive Science \n \n Graduating ', 'coherence_text_02': 'Moving to Paris \n \n Studying neuroscience \n \n Conducting research', 'coherence_text_03': 'Moving to LA \n \n Studying at the BCI \n \n Writing a review ', 'purpose_text_01': 'Becoming a scientist', 'purpose_text_02': 'Advancing research', 'purpose_text_03': 'Making science accessible', 'significance_text_01': 'I am significant to my parents. \n \n We are  connected. \n \n I play an important role in keeping us close-knit.', 'significance_text_02': 'I am  significant to my sister. \n \n We are  close. \n \n I am the only person with whom she talks. ', 'significance_text_03': 'I am significant to my dad. \n \n We  play together. \n \n We are close. ', 'AI_text_01': 'I want to be a good doctor, but AI now makes most medical decisions.', 'AI_text_02': 'I want to protect the planet, but AI’s resource use is harming the environment.', 'AI_text_03': 'I want to help people, but AI is replacing real human interaction.', 'training_text_coherence': 'Woke up this morning. \n \n Came to USC. \n \n Arrived at the BCI.', 'training_text_significance': 'Mother \n \n Father \n \n Friends', 'training_text_purpose': 'Helping researchers', 'thisN': 0, 'thisTrialN': 0, 'thisRepN': 0}>
4.1674 	DATA 	Keypress: 5
4.1724 	WARNING 	Multiple dropped frames have occurred - I'll stop bothering you about them!
4.1724 	EXP 	rest_fixation: autoDraw = True
16.1564 	DEBUG 	TextBox2 loaded 1 chars with 0 blanks and 1 valid
16.1569 	DEBUG 	Uploading Texture Font fontname to graphics card
16.1608 	DEBUG 	Upload of Texture Font fontname complete
16.1678 	EXP 	rest_fixation: autoDraw = False
16.1678 	EXP 	purp_textbox: autoDraw = True
21.1613 	EXP 	purp_textbox: autoDraw = False
21.1613 	EXP 	textbox_task: autoDraw = True
41.1516 	EXP 	textbox_task: autoDraw = False
41.1516 	EXP 	textbox_task: autoDraw = False
41.1516 	EXP 	task_verification_message: autoDraw = True
44.2511 	DATA 	Keypress: 1
46.1453 	EXP 	task_verification_message: autoDraw = False
46.1453 	EXP 	task_verification_message: autoDraw = False
46.1453 	EXP 	textbox: autoDraw = True
66.1359 	EXP 	textbox: autoDraw = False
66.1359 	EXP 	textbox: autoDraw = False
66.1456 	EXP 	text: autoDraw = True
68.5828 	DATA 	Keypress: 1
71.1355 	EXP 	text: autoDraw = False
71.1355 	EXP 	text: autoDraw = False
71.1463 	EXP 	rest_fixation: autoDraw = True
83.1352 	EXP 	rest_fixation: autoDraw = False
83.1352 	EXP 	rest_fixation: autoDraw = False
83.1400 	DEBUG 	TextBox2 loaded 1 chars with 0 blanks and 1 valid
83.1406 	DEBUG 	Uploading Texture Font fontname to graphics card
83.1450 	DEBUG 	Upload of Texture Font fontname complete
83.1516 	EXP 	reading2_textbox: autoDraw = True
93.1462 	EXP 	reading2_textbox: autoDraw = False
93.1462 	EXP 	reading2_textbox: autoDraw = False
93.1462 	EXP 	control2_textbox: autoDraw = True
113.1360 	EXP 	control2_textbox: autoDraw = False
113.1360 	EXP 	control2_textbox: autoDraw = False
113.1468 	EXP 	text: autoDraw = True
118.1364 	EXP 	text: autoDraw = False
118.1364 	EXP 	text: autoDraw = False
118.1468 	EXP 	task2_textbox: autoDraw = True
138.1367 	EXP 	task2_textbox: autoDraw = False
138.1367 	EXP 	task2_textbox: autoDraw = False
138.1471 	EXP 	task_verification_message: autoDraw = True
143.1367 	EXP 	task_verification_message: autoDraw = False
143.1367 	EXP 	task_verification_message: autoDraw = False
143.1367 	EXP 	rest_fixation: autoDraw = True
155.1310 	EXP 	rest_fixation: autoDraw = False
155.1310 	EXP 	rest_fixation: autoDraw = False
155.1374 	DEBUG 	TextBox2 loaded 1 chars with 0 blanks and 1 valid
155.1380 	DEBUG 	Uploading Texture Font fontname to graphics card
155.1423 	DEBUG 	Upload of Texture Font fontname complete
155.1493 	EXP 	reading3_textbox: autoDraw = True
160.1476 	EXP 	reading3_textbox: autoDraw = False
160.1476 	EXP 	reading3_textbox: autoDraw = False
160.1476 	EXP 	task3_textbox: autoDraw = True
180.1388 	EXP 	task3_textbox: autoDraw = False
180.1388 	EXP 	task3_textbox: autoDraw = False
180.1388 	EXP 	task_verification_message: autoDraw = True
185.1315 	EXP 	task_verification_message: autoDraw = False
185.1315 	EXP 	task_verification_message: autoDraw = False
185.1410 	EXP 	control3_textbox: autoDraw = True
205.1390 	EXP 	control3_textbox: autoDraw = False
205.1390 	EXP 	control3_textbox: autoDraw = False
205.1390 	EXP 	text: autoDraw = True
210.1325 	EXP 	text: autoDraw = False
210.1325 	EXP 	text: autoDraw = False
210.1392 	EXP 	end_message: autoDraw = True
222.1323 	EXP 	end_message: autoDraw = False
222.1323 	EXP 	end_message: autoDraw = False
222.1345 	EXP 	untitled: status = STOPPED
222.1385 	INFO 	saved data to '/Users/jacquessinger/Documents/Academics/Research/BCI Projects/MIL_PsychoPy_fMRI/purpose/data/685363_untitled_2026-01-12_13h20.23.645.csv'
222.1422 	INFO 	saved data to /Users/jacquessinger/Documents/Academics/Research/BCI Projects/MIL_PsychoPy_fMRI/purpose/data/685363_untitled_2026-01-12_13h20.23.645.psydat
222.1818 	DEBUG 	Saving data for untitled ExperimentHandler
222.1853 	WARNING 	Stopping key buffers but this could be dangerous ifother keyboards rely on the same.
222.1853 	WARNING 	Stopping key buffers but this could be dangerous ifother keyboards rely on the same.
222.1853 	WARNING 	Stopping key buffers but this could be dangerous ifother keyboards rely on the same.
