22.3836 	WARNING 	Font Manager failed to load file /System/Library/PrivateFrameworks/FontServices.framework/Resources/Reserved/PingFangUI.ttc
24.2903 	DEBUG 	Fullscreen settings ignored as running in pilot mode.
24.2916 	INFO 	Loaded monitor calibration from ['2025_03_31 17:28']
24.5414 	EXP 	Created window1 = Window(allowGUI=False, allowStencil=True, autoLog=True, backendConf=UNKNOWN, backgroundFit=<method-wrapper '__getattribute__' of attributeSetter object at 0x168626b60>, backgroundImage=<method-wrapper '__getattribute__' of attributeSetter object at 0x168626bc0>, bitsMode=UNKNOWN, blendMode='avg', bpc=(8, 8, 8), color=array([0, 0, 0]), colorSpace='rgb', depthBits=8, fullscr=False, gamma=None, gammaErrorPolicy='raise', infoMsg=UNKNOWN, lms=UNKNOWN, monitor=<psychopy.monitors.calibTools.Monitor object at 0x1685fd840>, multiSample=False, name='window1', numSamples=2, pos=[560.0, 300.0], screen=0, size=array([800, 600]), stencilBits=8, stereo=False, title='PsychoPy', units='height', useFBO=True, useRetina=False, viewOri=0.0, viewPos=None, viewScale=None, waitBlanking=True, winType='pyglet')
24.5415 	EXP 	window1: backgroundImage = ''
24.5415 	EXP 	window1: backgroundFit = 'none'
24.5510 	DEBUG 	TextBox2 loaded 1 chars with 0 blanks and 1 valid
24.5516 	DEBUG 	TextBox2 loaded 1 chars with 0 blanks and 1 valid
24.5522 	DEBUG 	TextBox2 loaded 1 chars with 0 blanks and 1 valid
24.5530 	DEBUG 	TextBox2 loaded 1 chars with 0 blanks and 1 valid
24.5538 	DEBUG 	TextBox2 loaded 1 chars with 0 blanks and 1 valid
24.5541 	DEBUG 	TextBox2 loaded 1 chars with 0 blanks and 1 valid
24.5547 	DEBUG 	TextBox2 loaded 1 chars with 0 blanks and 1 valid
24.5555 	DEBUG 	TextBox2 loaded 1 chars with 0 blanks and 1 valid
24.5557 	DEBUG 	TextBox2 loaded 1 chars with 0 blanks and 1 valid
24.5559 	DEBUG 	TextBox2 loaded 1 chars with 0 blanks and 1 valid
24.5565 	DEBUG 	TextBox2 loaded 1 chars with 0 blanks and 1 valid
24.5570 	DEBUG 	TextBox2 loaded 1 chars with 0 blanks and 1 valid
24.5576 	DEBUG 	TextBox2 loaded 1 chars with 0 blanks and 1 valid
24.5581 	DEBUG 	TextBox2 loaded 1 chars with 0 blanks and 1 valid
24.5586 	DEBUG 	TextBox2 loaded 1 chars with 0 blanks and 1 valid
24.5593 	DEBUG 	TextBox2 loaded 1 chars with 0 blanks and 1 valid
24.5599 	DEBUG 	TextBox2 loaded 1 chars with 0 blanks and 1 valid
24.5602 	DEBUG 	TextBox2 loaded 1 chars with 0 blanks and 1 valid
24.5605 	DEBUG 	TextBox2 loaded 1 chars with 0 blanks and 1 valid
24.5613 	DEBUG 	TextBox2 loaded 1 chars with 0 blanks and 1 valid
24.5616 	DEBUG 	TextBox2 loaded 1 chars with 0 blanks and 1 valid
24.5619 	DEBUG 	Uploading Texture Font fontname to graphics card
24.5660 	DEBUG 	Upload of Texture Font fontname complete
24.5721 	DEBUG 	TextBox2 loaded 1 chars with 0 blanks and 1 valid
24.5729 	DEBUG 	TextBox2 loaded 1 chars with 0 blanks and 1 valid
24.5737 	DEBUG 	TextBox2 loaded 1 chars with 0 blanks and 1 valid
24.5739 	DEBUG 	Uploading Texture Font fontname to graphics card
24.5762 	DEBUG 	Upload of Texture Font fontname complete
24.5781 	EXP 	window1: Attempting to measure frame rate of screen (0) ...
24.5781 	EXP 	window1: recordFrameIntervals = False
24.8173 	EXP 	window1: recordFrameIntervals = True
25.6462 	WARNING 	Couldn't measure a consistent frame rate!
  - Is your graphics card set to sync to vertical blank?
  - Are you running other processes on your computer?

25.6538 	DEBUG 	TextBox2 loaded 1 chars with 0 blanks and 1 valid
25.6543 	DEBUG 	TextBox2 loaded 1 chars with 0 blanks and 1 valid
25.6552 	DEBUG 	TextBox2 loaded 1 chars with 0 blanks and 1 valid
25.6564 	DEBUG 	TextBox2 loaded 1 chars with 0 blanks and 1 valid
25.6575 	DEBUG 	TextBox2 loaded 1 chars with 0 blanks and 1 valid
25.6587 	DEBUG 	TextBox2 loaded 1 chars with 0 blanks and 1 valid
25.6592 	DEBUG 	TextBox2 loaded 1 chars with 0 blanks and 1 valid
25.6601 	DEBUG 	TextBox2 loaded 1 chars with 0 blanks and 1 valid
25.6611 	DEBUG 	TextBox2 loaded 1 chars with 0 blanks and 1 valid
25.6620 	DEBUG 	TextBox2 loaded 1 chars with 0 blanks and 1 valid
25.6623 	DEBUG 	Uploading Texture Font fontname to graphics card
25.6653 	DEBUG 	Upload of Texture Font fontname complete
29.1104 	INFO 	keyboard.Keyboard is using ptb backend.
29.7038 	INFO 	keyboard.Keyboard is using ptb backend.
30.2966 	INFO 	keyboard.Keyboard is using ptb backend.
30.2966 	EXP 	untitled: status = STARTED
30.3104 	DEBUG 	TextBox2 loaded 1 chars with 0 blanks and 1 valid
30.3113 	DEBUG 	TextBox2 loaded 1 chars with 0 blanks and 1 valid
30.3121 	DEBUG 	TextBox2 loaded 1 chars with 0 blanks and 1 valid
30.3129 	DEBUG 	TextBox2 loaded 1 chars with 0 blanks and 1 valid
30.3132 	DEBUG 	TextBox2 loaded 1 chars with 0 blanks and 1 valid
30.3135 	DEBUG 	TextBox2 loaded 1 chars with 0 blanks and 1 valid
30.3143 	DEBUG 	TextBox2 loaded 1 chars with 0 blanks and 1 valid
30.3149 	DEBUG 	TextBox2 loaded 1 chars with 0 blanks and 1 valid
30.3152 	DEBUG 	TextBox2 loaded 1 chars with 0 blanks and 1 valid
30.3154 	DEBUG 	Uploading Texture Font fontname to graphics card
30.3185 	DEBUG 	Upload of Texture Font fontname complete
30.3417 	EXP 	Created rest_fixation = TextStim(__class__=<class 'psychopy.visual.text.TextStim'>, alignHoriz=method-wrapper(...), alignText='center', alignVert=method-wrapper(...), anchorHoriz='center', anchorVert='center', antialias=True, autoDraw=False, autoLog=True, bold=False, color=array([1., 1., 1.]), colorSpace='rgb', contrast=1.0, depth=0.0, draggable=False, flipHoriz=False, flipVert=False, font='Arial', fontFiles=[], height=0.05, italic=False, languageStyle='LTR', name='rest_fixation', opacity=1, ori=0.0, pos=array([0., 0.]), rgb=UNKNOWN, text='+', units='height', win=Window(...), wrapWidth=1)
30.3681 	EXP 	Created task_verification_message = TextStim(__class__=<class 'psychopy.visual.text.TextStim'>, alignHoriz=method-wrapper(...), alignText='center', alignVert=method-wrapper(...), anchorHoriz='center', anchorVert='center', antialias=True, autoDraw=False, autoLog=True, bold=False, color=array([1., 1., 1.]), colorSpace='rgb', contrast=1.0, depth=0.0, draggable=False, flipHoriz=False, flipVert=False, font='Arial', fontFiles=[], height=0.05, italic=False, languageStyle='LTR', name='task_verification_message', opacity=1, ori=0.0, pos=array([0., 0.]), rgb=UNKNOWN, text=str(...), units='height', win=Window(...), wrapWidth=1)
30.3803 	EXP 	Created text = TextStim(__class__=<class 'psychopy.visual.text.TextStim'>, alignHoriz=method-wrapper(...), alignText='center', alignVert=method-wrapper(...), anchorHoriz='center', anchorVert='center', antialias=True, autoDraw=False, autoLog=True, bold=False, color=array([1., 1., 1.]), colorSpace='rgb', contrast=1.0, depth=0.0, draggable=False, flipHoriz=False, flipVert=False, font='Arial', fontFiles=[], height=0.05, italic=False, languageStyle='LTR', name='text', opacity=1, ori=0.0, pos=array([0., 0.]), rgb=UNKNOWN, text=str(...), units='height', win=Window(...), wrapWidth=1)
30.3814 	EXP 	Created rest_fixation = TextStim(__class__=<class 'psychopy.visual.text.TextStim'>, alignHoriz=method-wrapper(...), alignText='center', alignVert=method-wrapper(...), anchorHoriz='center', anchorVert='center', antialias=True, autoDraw=False, autoLog=True, bold=False, color=array([1., 1., 1.]), colorSpace='rgb', contrast=1.0, depth=0.0, draggable=False, flipHoriz=False, flipVert=False, font='Arial', fontFiles=[], height=0.05, italic=False, languageStyle='LTR', name='rest_fixation', opacity=1, ori=0.0, pos=array([0., 0.]), rgb=UNKNOWN, text='+', units='height', win=Window(...), wrapWidth=1)
30.3992 	EXP 	Created text = TextStim(__class__=<class 'psychopy.visual.text.TextStim'>, alignHoriz=method-wrapper(...), alignText='center', alignVert=method-wrapper(...), anchorHoriz='center', anchorVert='center', antialias=True, autoDraw=False, autoLog=True, bold=False, color=array([1., 1., 1.]), colorSpace='rgb', contrast=1.0, depth=0.0, draggable=False, flipHoriz=False, flipVert=False, font='Arial', fontFiles=[], height=0.05, italic=False, languageStyle='LTR', name='text', opacity=1, ori=0.0, pos=array([0., 0.]), rgb=UNKNOWN, text=str(...), units='height', win=Window(...), wrapWidth=1)
30.4098 	EXP 	Created task_verification_message = TextStim(__class__=<class 'psychopy.visual.text.TextStim'>, alignHoriz=method-wrapper(...), alignText='center', alignVert=method-wrapper(...), anchorHoriz='center', anchorVert='center', antialias=True, autoDraw=False, autoLog=True, bold=False, color=array([1., 1., 1.]), colorSpace='rgb', contrast=1.0, depth=0.0, draggable=False, flipHoriz=False, flipVert=False, font='Arial', fontFiles=[], height=0.05, italic=False, languageStyle='LTR', name='task_verification_message', opacity=1, ori=0.0, pos=array([0., 0.]), rgb=UNKNOWN, text=str(...), units='height', win=Window(...), wrapWidth=1)
30.4110 	EXP 	Created rest_fixation = TextStim(__class__=<class 'psychopy.visual.text.TextStim'>, alignHoriz=method-wrapper(...), alignText='center', alignVert=method-wrapper(...), anchorHoriz='center', anchorVert='center', antialias=True, autoDraw=False, autoLog=True, bold=False, color=array([1., 1., 1.]), colorSpace='rgb', contrast=1.0, depth=0.0, draggable=False, flipHoriz=False, flipVert=False, font='Arial', fontFiles=[], height=0.05, italic=False, languageStyle='LTR', name='rest_fixation', opacity=1, ori=0.0, pos=array([0., 0.]), rgb=UNKNOWN, text='+', units='height', win=Window(...), wrapWidth=1)
30.4291 	EXP 	Created task_verification_message = TextStim(__class__=<class 'psychopy.visual.text.TextStim'>, alignHoriz=method-wrapper(...), alignText='center', alignVert=method-wrapper(...), anchorHoriz='center', anchorVert='center', antialias=True, autoDraw=False, autoLog=True, bold=False, color=array([1., 1., 1.]), colorSpace='rgb', contrast=1.0, depth=0.0, draggable=False, flipHoriz=False, flipVert=False, font='Arial', fontFiles=[], height=0.05, italic=False, languageStyle='LTR', name='task_verification_message', opacity=1, ori=0.0, pos=array([0., 0.]), rgb=UNKNOWN, text=str(...), units='height', win=Window(...), wrapWidth=1)
30.4394 	EXP 	Created text = TextStim(__class__=<class 'psychopy.visual.text.TextStim'>, alignHoriz=method-wrapper(...), alignText='center', alignVert=method-wrapper(...), anchorHoriz='center', anchorVert='center', antialias=True, autoDraw=False, autoLog=True, bold=False, color=array([1., 1., 1.]), colorSpace='rgb', contrast=1.0, depth=0.0, draggable=False, flipHoriz=False, flipVert=False, font='Arial', fontFiles=[], height=0.05, italic=False, languageStyle='LTR', name='text', opacity=1, ori=0.0, pos=array([0., 0.]), rgb=UNKNOWN, text=str(...), units='height', win=Window(...), wrapWidth=1)
30.4422 	EXP 	Created end_message = TextStim(__class__=<class 'psychopy.visual.text.TextStim'>, alignHoriz=method-wrapper(...), alignText='center', alignVert=method-wrapper(...), anchorHoriz='center', anchorVert='center', antialias=True, autoDraw=False, autoLog=True, bold=False, color=array([1., 1., 1.]), colorSpace='rgb', contrast=1.0, depth=0.0, draggable=False, flipHoriz=False, flipVert=False, font='Arial', fontFiles=[], height=0.05, italic=False, languageStyle='LTR', name='end_message', opacity=1, ori=0.0, pos=array([0., 0.]), rgb=UNKNOWN, text='You have completed the task.', units='height', win=Window(...), wrapWidth=1)
0.0033 	EXP 	instruct: autoLog = True
0.0033 	EXP 	textbox_significance: autoLog = True
0.0033 	EXP 	textbox_task: autoLog = True
0.0033 	EXP 	textbox: autoLog = True
0.0033 	EXP 	reading2_textbox: autoLog = True
0.0033 	EXP 	control2_textbox: autoLog = True
0.0033 	EXP 	task2_textbox: autoLog = True
0.0033 	EXP 	reading3_textbox: autoLog = True
0.0033 	EXP 	task3_textbox: autoLog = True
0.0033 	EXP 	control3_textbox: autoLog = True
0.0130 	DEBUG 	Read excel file with openpyxl: ../instructions.xlsx
0.0133 	EXP 	Imported ../instructions.xlsx as conditions, 1 conditions, 4 params
0.0140 	EXP 	New trial (rep=0, index=0): <Trial 0 (0 in rep 0) data={'coherence_instructions': "In this task, you’ll see phrases about events in your life.\n\nWhen the text box has a:\n\n• <c=white>White</c> border: read the sentence.\n\n• <c=#008000>Green</c> border: reflect on how these events fit together to form your life story.\n\n• <c=#FF0000>Red</c> border: count the number of vowels and keep doing so until the next screen appears.\n\nPress any key when you're ready.", 'significance_instructions': 'In this task, you will read some of your personal statements.\n\nWhen the text box has a:\n\n• <c=white>White</c> border: read the sentence.\n\n• <c=#008000>Green</c> border: think about the ways you are significant to this person or entity. Bring to mind specific moments where your presence mattered.\n\n• <c=#FF0000>Red</c> border: count the number of vowels and keep doing so until the next screen appears.\n\nPress any key when you’re ready.', 'purpose_instructions': 'In this task, you will read phrases about your life purposes.\n\nWhen the text box has a:\n\n• <c=white>White</c> border: read the sentence.\n\n• <c=#008000>Green</c> border: reflect on that life purpose and how you can work toward it.\n\n• <c=#FF0000>Red</c> border: count the number of vowels and keep doing so until the next screen appears.\n\nPress any button when you’re ready.', 'AI_instructions': "In this task, you will read scenarios describing disruptions to your life’s purpose.\nTry to imagine these as realistically as you can.\n\n• <c=white>White</c> border: read the sentence.\n\n• <c=#008000>Green</c> border: read the scenario and try to reframe a new purpose despite the disruption.\n\n• <c=#FF0000>Red</c> border: count the number of vowels and keep doing so until the next screen appears.\n\nPress any key when you're ready.", 'thisN': 0, 'thisTrialN': 0, 'thisRepN': 0}>
0.0159 	DEBUG 	TextBox2 loaded 1 chars with 0 blanks and 1 valid
0.0167 	DEBUG 	TextBox2 loaded 1 chars with 0 blanks and 1 valid
0.0173 	DEBUG 	TextBox2 loaded 1 chars with 0 blanks and 1 valid
0.0178 	DEBUG 	TextBox2 loaded 1 chars with 0 blanks and 1 valid
0.0186 	DEBUG 	TextBox2 loaded 1 chars with 0 blanks and 1 valid
0.0194 	DEBUG 	TextBox2 loaded 1 chars with 0 blanks and 1 valid
0.0202 	DEBUG 	TextBox2 loaded 1 chars with 0 blanks and 1 valid
0.0206 	DEBUG 	TextBox2 loaded 1 chars with 0 blanks and 1 valid
0.0213 	DEBUG 	TextBox2 loaded 1 chars with 0 blanks and 1 valid
0.0220 	DEBUG 	TextBox2 loaded 1 chars with 0 blanks and 1 valid
0.0229 	DEBUG 	TextBox2 loaded 1 chars with 0 blanks and 1 valid
0.0234 	DEBUG 	TextBox2 loaded 1 chars with 0 blanks and 1 valid
0.0242 	DEBUG 	TextBox2 loaded 1 chars with 0 blanks and 1 valid
0.0252 	DEBUG 	TextBox2 loaded 1 chars with 0 blanks and 1 valid
0.0259 	DEBUG 	TextBox2 loaded 1 chars with 0 blanks and 1 valid
0.0274 	DEBUG 	TextBox2 loaded 1 chars with 0 blanks and 1 valid
0.0282 	DEBUG 	TextBox2 loaded 1 chars with 0 blanks and 1 valid
0.0291 	DEBUG 	TextBox2 loaded 1 chars with 0 blanks and 1 valid
0.0296 	DEBUG 	TextBox2 loaded 1 chars with 0 blanks and 1 valid
0.0300 	DEBUG 	TextBox2 loaded 1 chars with 0 blanks and 1 valid
0.0309 	DEBUG 	TextBox2 loaded 1 chars with 0 blanks and 1 valid
0.0320 	DEBUG 	TextBox2 loaded 1 chars with 0 blanks and 1 valid
0.0331 	DEBUG 	TextBox2 loaded 1 chars with 0 blanks and 1 valid
0.0343 	DEBUG 	TextBox2 loaded 1 chars with 0 blanks and 1 valid
0.0357 	DEBUG 	TextBox2 loaded 1 chars with 0 blanks and 1 valid
0.0366 	DEBUG 	TextBox2 loaded 1 chars with 0 blanks and 1 valid
0.0380 	DEBUG 	TextBox2 loaded 1 chars with 0 blanks and 1 valid
0.0385 	DEBUG 	TextBox2 loaded 1 chars with 0 blanks and 1 valid
0.0388 	DEBUG 	Uploading Texture Font fontname to graphics card
0.0414 	DEBUG 	Upload of Texture Font fontname complete
0.0455 	INFO 	Keyboard events cleared
0.0454 	WARNING 	t of last frame was 42.12ms (=1/23)
0.0454 	EXP 	instruct: autoDraw = True
3.7589 	DATA 	Keypress: right
3.7617 	INFO 	Keyboard events cleared
3.7616 	WARNING 	t of last frame was 155.29ms (=1/6)
3.7616 	EXP 	instruct: autoDraw = False
5.3838 	DEBUG 	Read excel file with openpyxl: ../prompts.xlsx
5.3844 	EXP 	Imported ../prompts.xlsx as conditions, 1 conditions, 15 params
5.3846 	EXP 	New trial (rep=0, index=0): <Trial 0 (0 in rep 0) data={'coherence_text_01': 'Moving to Montreal \n \n Studying Cogntive Science \n \n Graduating ', 'coherence_text_02': 'Moving to Paris \n \n Studying neuroscience \n \n Conducting research', 'coherence_text_03': 'Moving to LA \n \n Studying at the BCI \n \n Writing a review ', 'purpose_text_01': 'Becoming a scientist', 'purpose_text_02': 'Advancing research', 'purpose_text_03': 'Making science accessible', 'significance_text_01': 'I am significant to my parents. \n \n We are  connected. \n \n I play an important role in keeping us close-knit.', 'significance_text_02': 'I am  significant to my sister. \n \n We are  close. \n \n I am the only person with whom she talks. ', 'significance_text_03': 'I am significant to my dad. \n \n We  play together. \n \n We are close. ', 'AI_text_01': 'I want to be a good doctor, but AI now makes most medical decisions.', 'AI_text_02': 'I want to protect the planet, but AI’s resource use is harming the environment.', 'AI_text_03': 'I want to help people, but AI is replacing real human interaction.', 'training_text_coherence': 'Woke up this morning. \n \n Came to USC. \n \n Arrived at the BCI.', 'training_text_significance': 'Mother \n \n Father \n \n Friends', 'training_text_purpose': 'Helping researchers', 'thisN': 0, 'thisTrialN': 0, 'thisRepN': 0}>
5.3915 	DATA 	Keypress: 5
5.3936 	EXP 	rest_fixation: autoDraw = True
17.3886 	DEBUG 	TextBox2 loaded 1 chars with 0 blanks and 1 valid
17.3889 	DEBUG 	Uploading Texture Font fontname to graphics card
17.3920 	DEBUG 	Upload of Texture Font fontname complete
17.3982 	EXP 	rest_fixation: autoDraw = False
17.3982 	EXP 	textbox_significance: autoDraw = True
22.0722 	WARNING 	t of last frame was 27.27ms (=1/36)
22.5621 	DATA 	Keypress: escape
22.6757 	EXP 	untitled: status = STOPPED
22.6773 	EXP 	textbox_significance: autoDraw = False
22.6788 	EXP 	untitled: status = STOPPED
22.6808 	INFO 	saved data to '/Users/jacquessinger/Documents/Academics/Research/BCI Projects/MIL_PsychoPy_fMRI/significance/data/065410_untitled_2026-01-20_14h56.26.129.csv'
22.6813 	INFO 	saved data to /Users/jacquessinger/Documents/Academics/Research/BCI Projects/MIL_PsychoPy_fMRI/significance/data/065410_untitled_2026-01-20_14h56.26.129.psydat
22.7149 	DEBUG 	Saving data for untitled ExperimentHandler
22.7187 	WARNING 	Stopping key buffers but this could be dangerous ifother keyboards rely on the same.
22.7187 	WARNING 	Stopping key buffers but this could be dangerous ifother keyboards rely on the same.
22.7188 	WARNING 	Stopping key buffers but this could be dangerous ifother keyboards rely on the same.
